***********************************************************
* ? ?Pls select one of the following function: ? ? ? ? ? ?*
* ? ? ? ? ? ? ? ? ? ? ? ? ? ? 1.update config ? ? ? ? ? ? *
* ? ? ? ? ? ? ? ? ? ? ? ? ? ? 2.query ?config ? ? ? ? ? ? *
***********************************************************
?
Pls Enter one Selection:1
?
#####################################################
Fetching current config block
#####################################################
?
2017-09-25 07:43:47.751 UTC [msp] GetLocalMSP -> DEBU 001 Returning existing local MSP
2017-09-25 07:43:47.751 UTC [msp] GetDefaultSigningIdentity -> DEBU 002 Obtaining default signing identity
2017-09-25 07:43:47.754 UTC [channelCmd] InitCmdFactory -> INFO 003 Endorser and orderer connections initialized
2017-09-25 07:43:47.754 UTC [msp] GetLocalMSP -> DEBU 004 Returning existing local MSP
2017-09-25 07:43:47.754 UTC [msp] GetDefaultSigningIdentity -> DEBU 005 Obtaining default signing identity
2017-09-25 07:43:47.754 UTC [msp] GetLocalMSP -> DEBU 006 Returning existing local MSP
2017-09-25 07:43:47.754 UTC [msp] GetDefaultSigningIdentity -> DEBU 007 Obtaining default signing identity
2017-09-25 07:43:47.754 UTC [msp/identity] Sign -> DEBU 008 Sign: plaintext: 0AC3060A1508021A0608B3E7A2CE0522...20C99AECD4B512080A020A0012020A00 
2017-09-25 07:43:47.754 UTC [msp/identity] Sign -> DEBU 009 Sign: digest: FDF611A24E6276BD978C83E153E5A842A75C4CDFF25A487ADEFC88CB9C9F4C80 
2017-09-25 07:43:47.759 UTC [channelCmd] readBlock -> DEBU 00a Received block:16 
2017-09-25 07:43:47.759 UTC [msp] GetLocalMSP -> DEBU 00b Returning existing local MSP
2017-09-25 07:43:47.759 UTC [msp] GetDefaultSigningIdentity -> DEBU 00c Obtaining default signing identity
2017-09-25 07:43:47.759 UTC [msp] GetLocalMSP -> DEBU 00d Returning existing local MSP
2017-09-25 07:43:47.759 UTC [msp] GetDefaultSigningIdentity -> DEBU 00e Obtaining default signing identity
2017-09-25 07:43:47.759 UTC [msp/identity] Sign -> DEBU 00f Sign: plaintext: 0AC3060A1508021A0608B3E7A2CE0522...5EC5120C0A041A02080E12041A02080E 
2017-09-25 07:43:47.759 UTC [msp/identity] Sign -> DEBU 010 Sign: digest: 357CAAF7123093077E7B7C2D25D3595D03B7A69DE4115443E0135FCC107C4791 
2017-09-25 07:43:47.765 UTC [channelCmd] readBlock -> DEBU 011 Received block:14 
2017-09-25 07:43:47.765 UTC [main] main -> INFO 012 Exiting.....
?
#####################################################
Copy config.block from cli to current path
#####################################################
?
?
#####################################################
Decoding current config block to config_block_pb.json
#####################################################
?
? % Total ? ?% Received % Xferd ?Average Speed ? Time ? ?Time ? ? Time ?Current
? ? ? ? ? ? ? ? ? ? ? ? ? ? ? ? ?Dload ?Upload ? Total ? Spent ? ?Left ?Speed
100 68806 ? ?0 47173 ?100 21633 ?2405k ?1103k --:--:-- --:--:-- --:--:-- 2559k
?
#####################################################
Isolating current config
#####################################################
?
?
#####################################################
Input modification field
#####################################################
?
?
InPut BatchTimeout:2s
?
format ok
?
InPut BatchSize:10
?
format ok
?
#####################################################
Modify input field
#####################################################
?
?
#####################################################
Translating original config to proto
#####################################################
?
? % Total ? ?% Received % Xferd ?Average Speed ? Time ? ?Time ? ? Time ?Current
? ? ? ? ? ? ? ? ? ? ? ? ? ? ? ? ?Dload ?Upload ? Total ? Spent ? ?Left ?Speed
100 59160 ? ?0 17051 ?100 42109 ?2491k ?6153k --:--:-- --:--:-- --:--:-- 6853k
?
#####################################################
Translating updated config to proto
#####################################################
?
? % Total ? ?% Received % Xferd ?Average Speed ? Time ? ?Time ? ? Time ?Current
? ? ? ? ? ? ? ? ? ? ? ? ? ? ? ? ?Dload ?Upload ? Total ? Spent ? ?Left ?Speed
100 59158 ? ?0 17050 ?100 42108 ? 371k ? 916k --:--:-- --:--:-- --:--:-- ?934k
?
#####################################################
Computing config update
#####################################################
?
? % Total ? ?% Received % Xferd ?Average Speed ? Time ? ?Time ? ? Time ?Current
? ? ? ? ? ? ? ? ? ? ? ? ? ? ? ? ?Dload ?Upload ? Total ? Spent ? ?Left ?Speed
100 34652 ?100 ? ?75 ?100 34577 ? 1872 ? 843k --:--:-- --:--:-- --:--:-- ?865k
?
#####################################################
Decoding config update
#####################################################
?
? % Total ? ?% Received % Xferd ?Average Speed ? Time ? ?Time ? ? Time ?Current
? ? ? ? ? ? ? ? ? ? ? ? ? ? ? ? ?Dload ?Upload ? Total ? Spent ? ?Left ?Speed
100 ? 371 ?100 ? 296 ?100 ? ?75 ? 289k ?75075 --:--:-- --:--:-- --:--:-- ?289k
?
#####################################################
Generating config update envelope
#####################################################
?
?
#####################################################
Encoding config update envelope
#####################################################
?
? % Total ? ?% Received % Xferd ?Average Speed ? Time ? ?Time ? ? Time ?Current
? ? ? ? ? ? ? ? ? ? ? ? ? ? ? ? ?Dload ?Upload ? Total ? Spent ? ?Left ?Speed
100 ? 427 ?100 ? ?98 ?100 ? 329 ? ?97k ? 327k --:--:-- --:--:-- --:--:-- ?321k
?
#####################################################
Copy config_update_as_envelope.pb from current path to cli:/opt/gopath/src/github.com/hyperledger/fabric/peer
#####################################################
?
?
#####################################################
Sending config update to channel
#####################################################
?
2017-09-25 07:43:55.848 UTC [msp] GetLocalMSP -> DEBU 001 Returning existing local MSP
2017-09-25 07:43:55.848 UTC [msp] GetDefaultSigningIdentity -> DEBU 002 Obtaining default signing identity
2017-09-25 07:43:55.852 UTC [channelCmd] InitCmdFactory -> INFO 003 Endorser and orderer connections initialized
2017-09-25 07:43:55.852 UTC [msp] GetLocalMSP -> DEBU 004 Returning existing local MSP
2017-09-25 07:43:55.852 UTC [msp] GetDefaultSigningIdentity -> DEBU 005 Obtaining default signing identity
2017-09-25 07:43:55.853 UTC [msp] GetLocalMSP -> DEBU 006 Returning existing local MSP
2017-09-25 07:43:55.853 UTC [msp] GetDefaultSigningIdentity -> DEBU 007 Obtaining default signing identity
2017-09-25 07:43:55.853 UTC [msp/identity] Sign -> DEBU 008 Sign: plaintext: 0AF6050A0A4F7264657265724D535012...080612040A0232731A0641646D696E73 
2017-09-25 07:43:55.853 UTC [msp/identity] Sign -> DEBU 009 Sign: digest: 78EAF68EE7158F38F5143D47F7C2AE6BD1CD5B6CDC00D7425B38CBD32D9ED172 
2017-09-25 07:43:55.853 UTC [msp] GetLocalMSP -> DEBU 00a Returning existing local MSP
2017-09-25 07:43:55.853 UTC [msp] GetDefaultSigningIdentity -> DEBU 00b Obtaining default signing identity
2017-09-25 07:43:55.853 UTC [msp] GetLocalMSP -> DEBU 00c Returning existing local MSP
2017-09-25 07:43:55.853 UTC [msp] GetDefaultSigningIdentity -> DEBU 00d Obtaining default signing identity
2017-09-25 07:43:55.853 UTC [msp/identity] Sign -> DEBU 00e Sign: plaintext: 0AAD060A1508021A0608BBE7A2CE0522...900ADAD6B6E7835A50D0772D955D453F 
2017-09-25 07:43:55.853 UTC [msp/identity] Sign -> DEBU 00f Sign: digest: F19BA15B229A1F6B766BDE8AD403C8A19EBA2D693429688FEA0A76225B7B2753 
2017-09-25 07:43:55.907 UTC [main] main -> INFO 010 Exiting.....
?
#####################################################
CONFIG UPDATED SUCCESSFULLY
#####################################################