0 info it worked if it ends with ok
1 verbose cli [ '/home/udayan/.nvm/versions/node/v6.11.1/bin/node',
1 verbose cli   '/home/udayan/.nvm/versions/node/v6.11.1/bin/npm',
1 verbose cli   'run',
1 verbose cli   'prepublish' ]
2 info using npm@5.3.0
3 info using node@v6.11.1
4 verbose run-script [ 'prepublish' ]
5 info lifecycle udci-network@0.1.4~prepublish: udci-network@0.1.4
6 verbose lifecycle udci-network@0.1.4~prepublish: unsafe-perm in lifecycle true
7 verbose lifecycle udci-network@0.1.4~prepublish: PATH: /home/udayan/.nvm/versions/node/v6.11.1/lib/node_modules/npm/bin/node-gyp-bin:/home/udayan/udci-network/node_modules/.bin:/home/udayan/.nvm/versions/node/v6.11.1/bin:/home/udayan/bin:/home/udayan/.local/bin:/usr/local/sbin:/usr/local/bin:/usr/sbin:/usr/bin:/sbin:/bin:/usr/games:/usr/local/games:/snap/bin
8 verbose lifecycle udci-network@0.1.4~prepublish: CWD: /home/udayan/udci-network
9 silly lifecycle udci-network@0.1.4~prepublish: Args: [ '-c',
9 silly lifecycle   'mkdirp ./dist && composer archive create --sourceType dir --sourceName . -a ./dist/udci-network.bna' ]
10 silly lifecycle udci-network@0.1.4~prepublish: Returned: code: 1  signal: null
11 info lifecycle udci-network@0.1.4~prepublish: Failed to exec prepublish script
12 verbose stack Error: udci-network@0.1.4 prepublish: `mkdirp ./dist && composer archive create --sourceType dir --sourceName . -a ./dist/udci-network.bna`
12 verbose stack Exit status 1
12 verbose stack     at EventEmitter.<anonymous> (/home/udayan/.nvm/versions/node/v6.11.1/lib/node_modules/npm/lib/utils/lifecycle.js:289:16)
12 verbose stack     at emitTwo (events.js:106:13)
12 verbose stack     at EventEmitter.emit (events.js:191:7)
12 verbose stack     at ChildProcess.<anonymous> (/home/udayan/.nvm/versions/node/v6.11.1/lib/node_modules/npm/lib/utils/spawn.js:40:14)
12 verbose stack     at emitTwo (events.js:106:13)
12 verbose stack     at ChildProcess.emit (events.js:191:7)
12 verbose stack     at maybeClose (internal/child_process.js:891:16)
12 verbose stack     at Process.ChildProcess._handle.onexit (internal/child_process.js:226:5)
13 verbose pkgid udci-network@0.1.4
14 verbose cwd /home/udayan/udci-network
15 verbose Linux 4.4.0-87-generic
16 verbose argv "/home/udayan/.nvm/versions/node/v6.11.1/bin/node" "/home/udayan/.nvm/versions/node/v6.11.1/bin/npm" "run" "prepublish"
17 verbose node v6.11.1
18 verbose npm  v5.3.0
19 error code ELIFECYCLE
20 error errno 1
21 error udci-network@0.1.4 prepublish: `mkdirp ./dist && composer archive create --sourceType dir --sourceName . -a ./dist/udci-network.bna`
21 error Exit status 1
22 error Failed at the udci-network@0.1.4 prepublish script.
22 error This is probably not a problem with npm. There is likely additional logging output above.
23 verbose exit [ 1, true ]
