false 'ssl-certs' '/root/blockchain-explorer/ssl-certs'
postgres://hppoc:password@172.17.0.2:5432/fabricexplorer
******* Initialization started for hyperledger fabric platform ******, { 'first-network': 
   { name: 'first-network',
     profile: './connection-profile/first-network.json' } }
 client_configs.name  first-network  client_configs.profile  ./connection-profile/first-network.json
FabricUtils.createFabricClient 
config.client.tlsEnable  true
FabricConfig, this.config.channels  mychannel
initializeChannelFromDiscover  mychannel
 FabricClient.discover_results  endpoint  { host: 'orderer.hwsj.com', port: 7050 }

initializeChannelFromDiscover.discoveryProtocol  grpcs  requesturl  grpcs://orderer.hwsj.com:7050 

 FabricClient.discover_results  endpoint  { host: 'orderer2.hwsj.com', port: 8050 }

initializeChannelFromDiscover.discoveryProtocol  grpcs  requesturl  grpcs://orderer2.hwsj.com:8050 

 FabricClient.discover_results  endpoint  { host: 'orderer3.hwsj.com', port: 9050 }

initializeChannelFromDiscover.discoveryProtocol  grpcs  requesturl  grpcs://orderer3.hwsj.com:9050 

 FabricClient.discover_results  endpoint  { host: 'orderer4.hwsj.com', port: 10050 }

initializeChannelFromDiscover.discoveryProtocol  grpcs  requesturl  grpcs://orderer4.hwsj.com:10050 

 FabricClient.discover_results  endpoint  { host: 'orderer5.hwsj.com', port: 11050 }

initializeChannelFromDiscover.discoveryProtocol  grpcs  requesturl  grpcs://orderer5.hwsj.com:11050 

Channel genesis hash for channel [mychannel] >> d0fbb15ce93fbf731eb185426fbb8bb9b45e2c53c36704e8242c352ab61243e0
FabricUtils.createDetachClient 


Please open web browser to access ：http://0.0.0.0:788/


pid is 20334


postgres://hppoc:password@172.17.0.2:5432/fabricexplorer

Sync process is started for the network : [first-network] and client : [first-network]
config.client.tlsEnable  true
FabricConfig, this.config.channels  mychannel
(node:20356) DeprecationWarning: grpc.load: Use the @grpc/proto-loader module with grpc.loadPackageDefinition instead
An identity for the admin user: admin already exists in the wallet
initializeChannelFromDiscover  mychannel
 FabricClient.discover_results  endpoint  { host: 'orderer.hwsj.com', port: 7050 }

initializeChannelFromDiscover.discoveryProtocol  grpcs  requesturl  grpcs://orderer.hwsj.com:7050 

 FabricClient.discover_results  endpoint  { host: 'orderer2.hwsj.com', port: 8050 }

initializeChannelFromDiscover.discoveryProtocol  grpcs  requesturl  grpcs://orderer2.hwsj.com:8050 

 FabricClient.discover_results  endpoint  { host: 'orderer3.hwsj.com', port: 9050 }

initializeChannelFromDiscover.discoveryProtocol  grpcs  requesturl  grpcs://orderer3.hwsj.com:9050 

 FabricClient.discover_results  endpoint  { host: 'orderer4.hwsj.com', port: 10050 }

initializeChannelFromDiscover.discoveryProtocol  grpcs  requesturl  grpcs://orderer4.hwsj.com:10050 

 FabricClient.discover_results  endpoint  { host: 'orderer5.hwsj.com', port: 11050 }

initializeChannelFromDiscover.discoveryProtocol  grpcs  requesturl  grpcs://orderer5.hwsj.com:11050 

Channel genesis hash for channel [mychannel] >> d0fbb15ce93fbf731eb185426fbb8bb9b45e2c53c36704e8242c352ab61243e0
SyncServices.synchNetworkConfigToDB client  first-network  channel_name  mychannel
initializeChannelFromDiscover  mychannel
 FabricClient.discover_results  endpoint  { host: 'orderer.hwsj.com', port: 7050 }

initializeChannelFromDiscover.discoveryProtocol  grpcs  requesturl  grpcs://orderer.hwsj.com:7050 

 FabricClient.discover_results  endpoint  { host: 'orderer2.hwsj.com', port: 8050 }

initializeChannelFromDiscover.discoveryProtocol  grpcs  requesturl  grpcs://orderer2.hwsj.com:8050 

 FabricClient.discover_results  endpoint  { host: 'orderer3.hwsj.com', port: 9050 }

initializeChannelFromDiscover.discoveryProtocol  grpcs  requesturl  grpcs://orderer3.hwsj.com:9050 

 FabricClient.discover_results  endpoint  { host: 'orderer4.hwsj.com', port: 10050 }

initializeChannelFromDiscover.discoveryProtocol  grpcs  requesturl  grpcs://orderer4.hwsj.com:10050 

 FabricClient.discover_results  endpoint  { host: 'orderer5.hwsj.com', port: 11050 }

initializeChannelFromDiscover.discoveryProtocol  grpcs  requesturl  grpcs://orderer5.hwsj.com:11050 

insertNewOrderers discoveryProtocol  grpcs  requesturl  grpcs://orderer.hwsj.com:7050
insertNewOrderers discoveryProtocol  grpcs  requesturl  grpcs://orderer2.hwsj.com:8050
insertNewOrderers discoveryProtocol  grpcs  requesturl  grpcs://orderer3.hwsj.com:9050
insertNewOrderers discoveryProtocol  grpcs  requesturl  grpcs://orderer4.hwsj.com:10050
insertNewOrderers discoveryProtocol  grpcs  requesturl  grpcs://orderer5.hwsj.com:11050


Synchronizer pid is 20356


saveTransaction  true
block_row.blocknum  70
status  true
saveTransaction  true
block_row.blocknum  0
status  true
saveTransaction  true
block_row.blocknum  1
status  true
saveTransaction  true
block_row.blocknum  2
status  true
saveTransaction  true
block_row.blocknum  3
status  true
saveTransaction  true
block_row.blocknum  4
status  true
saveTransaction  true
block_row.blocknum  5
status  true
saveTransaction  true
block_row.blocknum  6
status  true
saveTransaction  true
block_row.blocknum  7
status  true
saveTransaction  true
block_row.blocknum  8
status  true
saveTransaction  true
block_row.blocknum  9
status  true
saveTransaction  true
block_row.blocknum  10
status  true
saveTransaction  true
block_row.blocknum  11
status  true
saveTransaction  true
block_row.blocknum  12
status  true
saveTransaction  true
block_row.blocknum  13
status  true
saveTransaction  true
block_row.blocknum  14
status  true
saveTransaction  true
block_row.blocknum  15
status  true
saveTransaction  true
block_row.blocknum  16
status  true
saveTransaction  true
block_row.blocknum  17
status  true
saveTransaction  true
block_row.blocknum  18
status  true
saveTransaction  true
block_row.blocknum  19
status  true
saveTransaction  true
block_row.blocknum  20
status  true
saveTransaction  true
saveTransaction  true
saveTransaction  true
block_row.blocknum  21
status  true
saveTransaction  true
block_row.blocknum  22
status  true
saveTransaction  true
block_row.blocknum  23
status  true
saveTransaction  true
block_row.blocknum  24
status  true
saveTransaction  true
block_row.blocknum  25
status  true
saveTransaction  true
block_row.blocknum  26
status  true
saveTransaction  true
block_row.blocknum  27
status  true
saveTransaction  true
block_row.blocknum  28
status  true
saveTransaction  true
block_row.blocknum  29
status  true
saveTransaction  true
block_row.blocknum  30
status  true
saveTransaction  true
block_row.blocknum  31
status  true
saveTransaction  true
block_row.blocknum  32
status  true
saveTransaction  true
block_row.blocknum  33
status  true
saveTransaction  true
block_row.blocknum  34
status  true
saveTransaction  true
block_row.blocknum  35
status  true
saveTransaction  true
block_row.blocknum  36
status  true
saveTransaction  true
block_row.blocknum  37
status  true
saveTransaction  true
block_row.blocknum  38
status  true
saveTransaction  true
block_row.blocknum  39
status  true
saveTransaction  true
block_row.blocknum  40
status  true
saveTransaction  true
block_row.blocknum  41
status  true
saveTransaction  true
block_row.blocknum  42
status  true
saveTransaction  true
block_row.blocknum  43
status  true
saveTransaction  true
block_row.blocknum  44
status  true
saveTransaction  true
block_row.blocknum  45
status  true
saveTransaction  true
block_row.blocknum  46
status  true
saveTransaction  true
block_row.blocknum  47
status  true
saveTransaction  true
block_row.blocknum  48
status  true
saveTransaction  true
block_row.blocknum  49
status  true
saveTransaction  true
block_row.blocknum  50
status  true
saveTransaction  true
block_row.blocknum  51
status  true
saveTransaction  true
block_row.blocknum  52
status  true
saveTransaction  true
block_row.blocknum  53
status  true
saveTransaction  true
block_row.blocknum  54
status  true
saveTransaction  true
block_row.blocknum  55
status  true
saveTransaction  true
block_row.blocknum  56
status  true
saveTransaction  true
block_row.blocknum  57
status  true
saveTransaction  true
block_row.blocknum  58
status  true
saveTransaction  true
block_row.blocknum  59
status  true
saveTransaction  true
block_row.blocknum  60
status  true
saveTransaction  true
block_row.blocknum  61
status  true
saveTransaction  true
block_row.blocknum  62
status  true
saveTransaction  true
block_row.blocknum  63
status  true
saveTransaction  true
block_row.blocknum  64
status  true
saveTransaction  true
block_row.blocknum  65
status  true
saveTransaction  true
block_row.blocknum  66
status  true
saveTransaction  true
block_row.blocknum  67
status  true
saveTransaction  true
block_row.blocknum  68
status  true
saveTransaction  true
block_row.blocknum  69
status  true
initializeChannelFromDiscover  mychannel
initializeChannelFromDiscover  mychannel
 FabricClient.discover_results  endpoint  { host: 'orderer.hwsj.com', port: 7050 }

initializeChannelFromDiscover.discoveryProtocol  grpcs  requesturl  grpcs://orderer.hwsj.com:7050 

 FabricClient.discover_results  endpoint  { host: 'orderer2.hwsj.com', port: 8050 }

initializeChannelFromDiscover.discoveryProtocol  grpcs  requesturl  grpcs://orderer2.hwsj.com:8050 

 FabricClient.discover_results  endpoint  { host: 'orderer3.hwsj.com', port: 9050 }

initializeChannelFromDiscover.discoveryProtocol  grpcs  requesturl  grpcs://orderer3.hwsj.com:9050 

 FabricClient.discover_results  endpoint  { host: 'orderer4.hwsj.com', port: 10050 }

initializeChannelFromDiscover.discoveryProtocol  grpcs  requesturl  grpcs://orderer4.hwsj.com:10050 

 FabricClient.discover_results  endpoint  { host: 'orderer5.hwsj.com', port: 11050 }

initializeChannelFromDiscover.discoveryProtocol  grpcs  requesturl  grpcs://orderer5.hwsj.com:11050 

initializeChannelFromDiscover  mychannel
initializeChannelFromDiscover  mychannel
initializeChannelFromDiscover  mychannel
 FabricClient.discover_results  endpoint  { host: 'orderer.hwsj.com', port: 7050 }

initializeChannelFromDiscover.discoveryProtocol  grpcs  requesturl  grpcs://orderer.hwsj.com:7050 

 FabricClient.discover_results  endpoint  { host: 'orderer2.hwsj.com', port: 8050 }

initializeChannelFromDiscover.discoveryProtocol  grpcs  requesturl  grpcs://orderer2.hwsj.com:8050 

 FabricClient.discover_results  endpoint  { host: 'orderer3.hwsj.com', port: 9050 }

initializeChannelFromDiscover.discoveryProtocol  grpcs  requesturl  grpcs://orderer3.hwsj.com:9050 

 FabricClient.discover_results  endpoint  { host: 'orderer4.hwsj.com', port: 10050 }

initializeChannelFromDiscover.discoveryProtocol  grpcs  requesturl  grpcs://orderer4.hwsj.com:10050 

 FabricClient.discover_results  endpoint  { host: 'orderer5.hwsj.com', port: 11050 }

initializeChannelFromDiscover.discoveryProtocol  grpcs  requesturl  grpcs://orderer5.hwsj.com:11050 

initializeChannelFromDiscover  mychannel
initializeChannelFromDiscover  mychannel
 FabricClient.discover_results  endpoint  { host: 'orderer.hwsj.com', port: 7050 }

initializeChannelFromDiscover.discoveryProtocol  grpcs  requesturl  grpcs://orderer.hwsj.com:7050 

 FabricClient.discover_results  endpoint  { host: 'orderer2.hwsj.com', port: 8050 }

initializeChannelFromDiscover.discoveryProtocol  grpcs  requesturl  grpcs://orderer2.hwsj.com:8050 

 FabricClient.discover_results  endpoint  { host: 'orderer3.hwsj.com', port: 9050 }

initializeChannelFromDiscover.discoveryProtocol  grpcs  requesturl  grpcs://orderer3.hwsj.com:9050 

 FabricClient.discover_results  endpoint  { host: 'orderer4.hwsj.com', port: 10050 }

initializeChannelFromDiscover.discoveryProtocol  grpcs  requesturl  grpcs://orderer4.hwsj.com:10050 

 FabricClient.discover_results  endpoint  { host: 'orderer5.hwsj.com', port: 11050 }

initializeChannelFromDiscover.discoveryProtocol  grpcs  requesturl  grpcs://orderer5.hwsj.com:11050 

 FabricClient.discover_results  endpoint  { host: 'orderer.hwsj.com', port: 7050 }

initializeChannelFromDiscover.discoveryProtocol  grpcs  requesturl  grpcs://orderer.hwsj.com:7050 

 FabricClient.discover_results  endpoint  { host: 'orderer2.hwsj.com', port: 8050 }

initializeChannelFromDiscover.discoveryProtocol  grpcs  requesturl  grpcs://orderer2.hwsj.com:8050 

 FabricClient.discover_results  endpoint  { host: 'orderer3.hwsj.com', port: 9050 }

initializeChannelFromDiscover.discoveryProtocol  grpcs  requesturl  grpcs://orderer3.hwsj.com:9050 

 FabricClient.discover_results  endpoint  { host: 'orderer4.hwsj.com', port: 10050 }

initializeChannelFromDiscover.discoveryProtocol  grpcs  requesturl  grpcs://orderer4.hwsj.com:10050 

 FabricClient.discover_results  endpoint  { host: 'orderer5.hwsj.com', port: 11050 }

initializeChannelFromDiscover.discoveryProtocol  grpcs  requesturl  grpcs://orderer5.hwsj.com:11050 

initializeChannelFromDiscover  mychannel
 FabricClient.discover_results  endpoint  { host: 'orderer.hwsj.com', port: 7050 }

initializeChannelFromDiscover.discoveryProtocol  grpcs  requesturl  grpcs://orderer.hwsj.com:7050 

 FabricClient.discover_results  endpoint  { host: 'orderer2.hwsj.com', port: 8050 }

initializeChannelFromDiscover.discoveryProtocol  grpcs  requesturl  grpcs://orderer2.hwsj.com:8050 

 FabricClient.discover_results  endpoint  { host: 'orderer3.hwsj.com', port: 9050 }

initializeChannelFromDiscover.discoveryProtocol  grpcs  requesturl  grpcs://orderer3.hwsj.com:9050 

 FabricClient.discover_results  endpoint  { host: 'orderer4.hwsj.com', port: 10050 }

initializeChannelFromDiscover.discoveryProtocol  grpcs  requesturl  grpcs://orderer4.hwsj.com:10050 

 FabricClient.discover_results  endpoint  { host: 'orderer5.hwsj.com', port: 11050 }

initializeChannelFromDiscover.discoveryProtocol  grpcs  requesturl  grpcs://orderer5.hwsj.com:11050 

initializeChannelFromDiscover  mychannel
 FabricClient.discover_results  endpoint  { host: 'orderer.hwsj.com', port: 7050 }

initializeChannelFromDiscover.discoveryProtocol  grpcs  requesturl  grpcs://orderer.hwsj.com:7050 

 FabricClient.discover_results  endpoint  { host: 'orderer2.hwsj.com', port: 8050 }

initializeChannelFromDiscover.discoveryProtocol  grpcs  requesturl  grpcs://orderer2.hwsj.com:8050 

 FabricClient.discover_results  endpoint  { host: 'orderer3.hwsj.com', port: 9050 }

initializeChannelFromDiscover.discoveryProtocol  grpcs  requesturl  grpcs://orderer3.hwsj.com:9050 

 FabricClient.discover_results  endpoint  { host: 'orderer4.hwsj.com', port: 10050 }

initializeChannelFromDiscover.discoveryProtocol  grpcs  requesturl  grpcs://orderer4.hwsj.com:10050 

 FabricClient.discover_results  endpoint  { host: 'orderer5.hwsj.com', port: 11050 }

initializeChannelFromDiscover.discoveryProtocol  grpcs  requesturl  grpcs://orderer5.hwsj.com:11050 

 FabricClient.discover_results  endpoint  { host: 'orderer.hwsj.com', port: 7050 }

initializeChannelFromDiscover.discoveryProtocol  grpcs  requesturl  grpcs://orderer.hwsj.com:7050 

 FabricClient.discover_results  endpoint  { host: 'orderer2.hwsj.com', port: 8050 }

initializeChannelFromDiscover.discoveryProtocol  grpcs  requesturl  grpcs://orderer2.hwsj.com:8050 

 FabricClient.discover_results  endpoint  { host: 'orderer3.hwsj.com', port: 9050 }

initializeChannelFromDiscover.discoveryProtocol  grpcs  requesturl  grpcs://orderer3.hwsj.com:9050 

 FabricClient.discover_results  endpoint  { host: 'orderer4.hwsj.com', port: 10050 }

initializeChannelFromDiscover.discoveryProtocol  grpcs  requesturl  grpcs://orderer4.hwsj.com:10050 

 FabricClient.discover_results  endpoint  { host: 'orderer5.hwsj.com', port: 11050 }

initializeChannelFromDiscover.discoveryProtocol  grpcs  requesturl  grpcs://orderer5.hwsj.com:11050 

 FabricClient.discover_results  endpoint  { host: 'orderer.hwsj.com', port: 7050 }

initializeChannelFromDiscover.discoveryProtocol  grpcs  requesturl  grpcs://orderer.hwsj.com:7050 

 FabricClient.discover_results  endpoint  { host: 'orderer2.hwsj.com', port: 8050 }

initializeChannelFromDiscover.discoveryProtocol  grpcs  requesturl  grpcs://orderer2.hwsj.com:8050 

 FabricClient.discover_results  endpoint  { host: 'orderer3.hwsj.com', port: 9050 }

initializeChannelFromDiscover.discoveryProtocol  grpcs  requesturl  grpcs://orderer3.hwsj.com:9050 

 FabricClient.discover_results  endpoint  { host: 'orderer4.hwsj.com', port: 10050 }

initializeChannelFromDiscover.discoveryProtocol  grpcs  requesturl  grpcs://orderer4.hwsj.com:10050 

 FabricClient.discover_results  endpoint  { host: 'orderer5.hwsj.com', port: 11050 }

initializeChannelFromDiscover.discoveryProtocol  grpcs  requesturl  grpcs://orderer5.hwsj.com:11050 

insertNewOrderers discoveryProtocol  grpcs  requesturl  grpcs://orderer.hwsj.com:7050
 FabricClient.discover_results  endpoint  { host: 'orderer.hwsj.com', port: 7050 }

initializeChannelFromDiscover.discoveryProtocol  grpcs  requesturl  grpcs://orderer.hwsj.com:7050 

 FabricClient.discover_results  endpoint  { host: 'orderer2.hwsj.com', port: 8050 }

initializeChannelFromDiscover.discoveryProtocol  grpcs  requesturl  grpcs://orderer2.hwsj.com:8050 

 FabricClient.discover_results  endpoint  { host: 'orderer3.hwsj.com', port: 9050 }

initializeChannelFromDiscover.discoveryProtocol  grpcs  requesturl  grpcs://orderer3.hwsj.com:9050 

 FabricClient.discover_results  endpoint  { host: 'orderer4.hwsj.com', port: 10050 }

initializeChannelFromDiscover.discoveryProtocol  grpcs  requesturl  grpcs://orderer4.hwsj.com:10050 

 FabricClient.discover_results  endpoint  { host: 'orderer5.hwsj.com', port: 11050 }

initializeChannelFromDiscover.discoveryProtocol  grpcs  requesturl  grpcs://orderer5.hwsj.com:11050 

insertNewOrderers discoveryProtocol  grpcs  requesturl  grpcs://orderer2.hwsj.com:8050
insertNewOrderers discoveryProtocol  grpcs  requesturl  grpcs://orderer3.hwsj.com:9050
insertNewOrderers discoveryProtocol  grpcs  requesturl  grpcs://orderer4.hwsj.com:10050
insertNewOrderers discoveryProtocol  grpcs  requesturl  grpcs://orderer5.hwsj.com:11050
insertNewOrderers discoveryProtocol  grpcs  requesturl  grpcs://orderer.hwsj.com:7050
insertNewOrderers discoveryProtocol  grpcs  requesturl  grpcs://orderer.hwsj.com:7050
insertNewOrderers discoveryProtocol  grpcs  requesturl  grpcs://orderer2.hwsj.com:8050
insertNewOrderers discoveryProtocol  grpcs  requesturl  grpcs://orderer2.hwsj.com:8050
insertNewOrderers discoveryProtocol  grpcs  requesturl  grpcs://orderer.hwsj.com:7050
insertNewOrderers discoveryProtocol  grpcs  requesturl  grpcs://orderer3.hwsj.com:9050
insertNewOrderers discoveryProtocol  grpcs  requesturl  grpcs://orderer.hwsj.com:7050
insertNewOrderers discoveryProtocol  grpcs  requesturl  grpcs://orderer3.hwsj.com:9050
insertNewOrderers discoveryProtocol  grpcs  requesturl  grpcs://orderer2.hwsj.com:8050
insertNewOrderers discoveryProtocol  grpcs  requesturl  grpcs://orderer4.hwsj.com:10050
insertNewOrderers discoveryProtocol  grpcs  requesturl  grpcs://orderer2.hwsj.com:8050
insertNewOrderers discoveryProtocol  grpcs  requesturl  grpcs://orderer4.hwsj.com:10050
insertNewOrderers discoveryProtocol  grpcs  requesturl  grpcs://orderer3.hwsj.com:9050
insertNewOrderers discoveryProtocol  grpcs  requesturl  grpcs://orderer5.hwsj.com:11050
insertNewOrderers discoveryProtocol  grpcs  requesturl  grpcs://orderer3.hwsj.com:9050
insertNewOrderers discoveryProtocol  grpcs  requesturl  grpcs://orderer5.hwsj.com:11050
insertNewOrderers discoveryProtocol  grpcs  requesturl  grpcs://orderer4.hwsj.com:10050
insertNewOrderers discoveryProtocol  grpcs  requesturl  grpcs://orderer4.hwsj.com:10050
insertNewOrderers discoveryProtocol  grpcs  requesturl  grpcs://orderer5.hwsj.com:11050
insertNewOrderers discoveryProtocol  grpcs  requesturl  grpcs://orderer5.hwsj.com:11050
initializeChannelFromDiscover  mychannel
initializeChannelFromDiscover  mychannel
initializeChannelFromDiscover  mychannel
initializeChannelFromDiscover  mychannel
initializeChannelFromDiscover  mychannel
 FabricClient.discover_results  endpoint  { host: 'orderer.hwsj.com', port: 7050 }

initializeChannelFromDiscover.discoveryProtocol  grpcs  requesturl  grpcs://orderer.hwsj.com:7050 

 FabricClient.discover_results  endpoint  { host: 'orderer2.hwsj.com', port: 8050 }

initializeChannelFromDiscover.discoveryProtocol  grpcs  requesturl  grpcs://orderer2.hwsj.com:8050 

 FabricClient.discover_results  endpoint  { host: 'orderer3.hwsj.com', port: 9050 }

initializeChannelFromDiscover.discoveryProtocol  grpcs  requesturl  grpcs://orderer3.hwsj.com:9050 

 FabricClient.discover_results  endpoint  { host: 'orderer4.hwsj.com', port: 10050 }

initializeChannelFromDiscover.discoveryProtocol  grpcs  requesturl  grpcs://orderer4.hwsj.com:10050 

 FabricClient.discover_results  endpoint  { host: 'orderer5.hwsj.com', port: 11050 }

initializeChannelFromDiscover.discoveryProtocol  grpcs  requesturl  grpcs://orderer5.hwsj.com:11050 

 FabricClient.discover_results  endpoint  { host: 'orderer.hwsj.com', port: 7050 }

initializeChannelFromDiscover.discoveryProtocol  grpcs  requesturl  grpcs://orderer.hwsj.com:7050 

 FabricClient.discover_results  endpoint  { host: 'orderer2.hwsj.com', port: 8050 }

initializeChannelFromDiscover.discoveryProtocol  grpcs  requesturl  grpcs://orderer2.hwsj.com:8050 

 FabricClient.discover_results  endpoint  { host: 'orderer3.hwsj.com', port: 9050 }

initializeChannelFromDiscover.discoveryProtocol  grpcs  requesturl  grpcs://orderer3.hwsj.com:9050 

 FabricClient.discover_results  endpoint  { host: 'orderer4.hwsj.com', port: 10050 }

initializeChannelFromDiscover.discoveryProtocol  grpcs  requesturl  grpcs://orderer4.hwsj.com:10050 

 FabricClient.discover_results  endpoint  { host: 'orderer5.hwsj.com', port: 11050 }

initializeChannelFromDiscover.discoveryProtocol  grpcs  requesturl  grpcs://orderer5.hwsj.com:11050 

 FabricClient.discover_results  endpoint  { host: 'orderer.hwsj.com', port: 7050 }

initializeChannelFromDiscover.discoveryProtocol  grpcs  requesturl  grpcs://orderer.hwsj.com:7050 

 FabricClient.discover_results  endpoint  { host: 'orderer2.hwsj.com', port: 8050 }

initializeChannelFromDiscover.discoveryProtocol  grpcs  requesturl  grpcs://orderer2.hwsj.com:8050 

 FabricClient.discover_results  endpoint  { host: 'orderer3.hwsj.com', port: 9050 }

initializeChannelFromDiscover.discoveryProtocol  grpcs  requesturl  grpcs://orderer3.hwsj.com:9050 

 FabricClient.discover_results  endpoint  { host: 'orderer4.hwsj.com', port: 10050 }

initializeChannelFromDiscover.discoveryProtocol  grpcs  requesturl  grpcs://orderer4.hwsj.com:10050 

 FabricClient.discover_results  endpoint  { host: 'orderer5.hwsj.com', port: 11050 }

initializeChannelFromDiscover.discoveryProtocol  grpcs  requesturl  grpcs://orderer5.hwsj.com:11050 

 FabricClient.discover_results  endpoint  { host: 'orderer.hwsj.com', port: 7050 }

initializeChannelFromDiscover.discoveryProtocol  grpcs  requesturl  grpcs://orderer.hwsj.com:7050 

 FabricClient.discover_results  endpoint  { host: 'orderer2.hwsj.com', port: 8050 }

initializeChannelFromDiscover.discoveryProtocol  grpcs  requesturl  grpcs://orderer2.hwsj.com:8050 

 FabricClient.discover_results  endpoint  { host: 'orderer3.hwsj.com', port: 9050 }

initializeChannelFromDiscover.discoveryProtocol  grpcs  requesturl  grpcs://orderer3.hwsj.com:9050 

 FabricClient.discover_results  endpoint  { host: 'orderer4.hwsj.com', port: 10050 }

initializeChannelFromDiscover.discoveryProtocol  grpcs  requesturl  grpcs://orderer4.hwsj.com:10050 

 FabricClient.discover_results  endpoint  { host: 'orderer5.hwsj.com', port: 11050 }

initializeChannelFromDiscover.discoveryProtocol  grpcs  requesturl  grpcs://orderer5.hwsj.com:11050 

 FabricClient.discover_results  endpoint  { host: 'orderer.hwsj.com', port: 7050 }

initializeChannelFromDiscover.discoveryProtocol  grpcs  requesturl  grpcs://orderer.hwsj.com:7050 

 FabricClient.discover_results  endpoint  { host: 'orderer2.hwsj.com', port: 8050 }

initializeChannelFromDiscover.discoveryProtocol  grpcs  requesturl  grpcs://orderer2.hwsj.com:8050 

 FabricClient.discover_results  endpoint  { host: 'orderer3.hwsj.com', port: 9050 }

initializeChannelFromDiscover.discoveryProtocol  grpcs  requesturl  grpcs://orderer3.hwsj.com:9050 

 FabricClient.discover_results  endpoint  { host: 'orderer4.hwsj.com', port: 10050 }

initializeChannelFromDiscover.discoveryProtocol  grpcs  requesturl  grpcs://orderer4.hwsj.com:10050 

 FabricClient.discover_results  endpoint  { host: 'orderer5.hwsj.com', port: 11050 }

initializeChannelFromDiscover.discoveryProtocol  grpcs  requesturl  grpcs://orderer5.hwsj.com:11050 

initializeChannelFromDiscover  mychannel
 FabricClient.discover_results  endpoint  { host: 'orderer.hwsj.com', port: 7050 }

initializeChannelFromDiscover.discoveryProtocol  grpcs  requesturl  grpcs://orderer.hwsj.com:7050 

 FabricClient.discover_results  endpoint  { host: 'orderer2.hwsj.com', port: 8050 }

initializeChannelFromDiscover.discoveryProtocol  grpcs  requesturl  grpcs://orderer2.hwsj.com:8050 

 FabricClient.discover_results  endpoint  { host: 'orderer3.hwsj.com', port: 9050 }

initializeChannelFromDiscover.discoveryProtocol  grpcs  requesturl  grpcs://orderer3.hwsj.com:9050 

 FabricClient.discover_results  endpoint  { host: 'orderer4.hwsj.com', port: 10050 }

initializeChannelFromDiscover.discoveryProtocol  grpcs  requesturl  grpcs://orderer4.hwsj.com:10050 

 FabricClient.discover_results  endpoint  { host: 'orderer5.hwsj.com', port: 11050 }

initializeChannelFromDiscover.discoveryProtocol  grpcs  requesturl  grpcs://orderer5.hwsj.com:11050 

insertNewOrderers discoveryProtocol  grpcs  requesturl  grpcs://orderer.hwsj.com:7050
insertNewOrderers discoveryProtocol  grpcs  requesturl  grpcs://orderer2.hwsj.com:8050
insertNewOrderers discoveryProtocol  grpcs  requesturl  grpcs://orderer3.hwsj.com:9050
insertNewOrderers discoveryProtocol  grpcs  requesturl  grpcs://orderer4.hwsj.com:10050
insertNewOrderers discoveryProtocol  grpcs  requesturl  grpcs://orderer5.hwsj.com:11050
initializeChannelFromDiscover  mychannel
 FabricClient.discover_results  endpoint  { host: 'orderer.hwsj.com', port: 7050 }

initializeChannelFromDiscover.discoveryProtocol  grpcs  requesturl  grpcs://orderer.hwsj.com:7050 

 FabricClient.discover_results  endpoint  { host: 'orderer2.hwsj.com', port: 8050 }

initializeChannelFromDiscover.discoveryProtocol  grpcs  requesturl  grpcs://orderer2.hwsj.com:8050 

 FabricClient.discover_results  endpoint  { host: 'orderer3.hwsj.com', port: 9050 }

initializeChannelFromDiscover.discoveryProtocol  grpcs  requesturl  grpcs://orderer3.hwsj.com:9050 

 FabricClient.discover_results  endpoint  { host: 'orderer4.hwsj.com', port: 10050 }

initializeChannelFromDiscover.discoveryProtocol  grpcs  requesturl  grpcs://orderer4.hwsj.com:10050 

 FabricClient.discover_results  endpoint  { host: 'orderer5.hwsj.com', port: 11050 }

initializeChannelFromDiscover.discoveryProtocol  grpcs  requesturl  grpcs://orderer5.hwsj.com:11050 

initializeChannelFromDiscover  mychannel
 FabricClient.discover_results  endpoint  { host: 'orderer.hwsj.com', port: 7050 }

initializeChannelFromDiscover.discoveryProtocol  grpcs  requesturl  grpcs://orderer.hwsj.com:7050 

 FabricClient.discover_results  endpoint  { host: 'orderer2.hwsj.com', port: 8050 }

initializeChannelFromDiscover.discoveryProtocol  grpcs  requesturl  grpcs://orderer2.hwsj.com:8050 

 FabricClient.discover_results  endpoint  { host: 'orderer3.hwsj.com', port: 9050 }

initializeChannelFromDiscover.discoveryProtocol  grpcs  requesturl  grpcs://orderer3.hwsj.com:9050 

 FabricClient.discover_results  endpoint  { host: 'orderer4.hwsj.com', port: 10050 }

initializeChannelFromDiscover.discoveryProtocol  grpcs  requesturl  grpcs://orderer4.hwsj.com:10050 

 FabricClient.discover_results  endpoint  { host: 'orderer5.hwsj.com', port: 11050 }

initializeChannelFromDiscover.discoveryProtocol  grpcs  requesturl  grpcs://orderer5.hwsj.com:11050 

insertNewOrderers discoveryProtocol  grpcs  requesturl  grpcs://orderer.hwsj.com:7050
insertNewOrderers discoveryProtocol  grpcs  requesturl  grpcs://orderer2.hwsj.com:8050
insertNewOrderers discoveryProtocol  grpcs  requesturl  grpcs://orderer3.hwsj.com:9050
insertNewOrderers discoveryProtocol  grpcs  requesturl  grpcs://orderer4.hwsj.com:10050
insertNewOrderers discoveryProtocol  grpcs  requesturl  grpcs://orderer5.hwsj.com:11050
initializeChannelFromDiscover  mychannel
 FabricClient.discover_results  endpoint  { host: 'orderer.hwsj.com', port: 7050 }

initializeChannelFromDiscover.discoveryProtocol  grpcs  requesturl  grpcs://orderer.hwsj.com:7050 

 FabricClient.discover_results  endpoint  { host: 'orderer2.hwsj.com', port: 8050 }

initializeChannelFromDiscover.discoveryProtocol  grpcs  requesturl  grpcs://orderer2.hwsj.com:8050 

 FabricClient.discover_results  endpoint  { host: 'orderer3.hwsj.com', port: 9050 }

initializeChannelFromDiscover.discoveryProtocol  grpcs  requesturl  grpcs://orderer3.hwsj.com:9050 

 FabricClient.discover_results  endpoint  { host: 'orderer4.hwsj.com', port: 10050 }

initializeChannelFromDiscover.discoveryProtocol  grpcs  requesturl  grpcs://orderer4.hwsj.com:10050 

 FabricClient.discover_results  endpoint  { host: 'orderer5.hwsj.com', port: 11050 }

initializeChannelFromDiscover.discoveryProtocol  grpcs  requesturl  grpcs://orderer5.hwsj.com:11050 

initializeChannelFromDiscover  mychannel
 FabricClient.discover_results  endpoint  { host: 'orderer.hwsj.com', port: 7050 }

initializeChannelFromDiscover.discoveryProtocol  grpcs  requesturl  grpcs://orderer.hwsj.com:7050 

 FabricClient.discover_results  endpoint  { host: 'orderer2.hwsj.com', port: 8050 }

initializeChannelFromDiscover.discoveryProtocol  grpcs  requesturl  grpcs://orderer2.hwsj.com:8050 

 FabricClient.discover_results  endpoint  { host: 'orderer3.hwsj.com', port: 9050 }

initializeChannelFromDiscover.discoveryProtocol  grpcs  requesturl  grpcs://orderer3.hwsj.com:9050 

 FabricClient.discover_results  endpoint  { host: 'orderer4.hwsj.com', port: 10050 }

initializeChannelFromDiscover.discoveryProtocol  grpcs  requesturl  grpcs://orderer4.hwsj.com:10050 

 FabricClient.discover_results  endpoint  { host: 'orderer5.hwsj.com', port: 11050 }

initializeChannelFromDiscover.discoveryProtocol  grpcs  requesturl  grpcs://orderer5.hwsj.com:11050 

insertNewOrderers discoveryProtocol  grpcs  requesturl  grpcs://orderer.hwsj.com:7050
insertNewOrderers discoveryProtocol  grpcs  requesturl  grpcs://orderer2.hwsj.com:8050
insertNewOrderers discoveryProtocol  grpcs  requesturl  grpcs://orderer3.hwsj.com:9050
insertNewOrderers discoveryProtocol  grpcs  requesturl  grpcs://orderer4.hwsj.com:10050
insertNewOrderers discoveryProtocol  grpcs  requesturl  grpcs://orderer5.hwsj.com:11050
initializeChannelFromDiscover  mychannel
initializeChannelFromDiscover  mychannel
 FabricClient.discover_results  endpoint  { host: 'orderer.hwsj.com', port: 7050 }

initializeChannelFromDiscover.discoveryProtocol  grpcs  requesturl  grpcs://orderer.hwsj.com:7050 

 FabricClient.discover_results  endpoint  { host: 'orderer2.hwsj.com', port: 8050 }

initializeChannelFromDiscover.discoveryProtocol  grpcs  requesturl  grpcs://orderer2.hwsj.com:8050 

 FabricClient.discover_results  endpoint  { host: 'orderer3.hwsj.com', port: 9050 }

initializeChannelFromDiscover.discoveryProtocol  grpcs  requesturl  grpcs://orderer3.hwsj.com:9050 

 FabricClient.discover_results  endpoint  { host: 'orderer4.hwsj.com', port: 10050 }

initializeChannelFromDiscover.discoveryProtocol  grpcs  requesturl  grpcs://orderer4.hwsj.com:10050 

 FabricClient.discover_results  endpoint  { host: 'orderer5.hwsj.com', port: 11050 }

initializeChannelFromDiscover.discoveryProtocol  grpcs  requesturl  grpcs://orderer5.hwsj.com:11050 

 FabricClient.discover_results  endpoint  { host: 'orderer.hwsj.com', port: 7050 }

initializeChannelFromDiscover.discoveryProtocol  grpcs  requesturl  grpcs://orderer.hwsj.com:7050 

 FabricClient.discover_results  endpoint  { host: 'orderer2.hwsj.com', port: 8050 }

initializeChannelFromDiscover.discoveryProtocol  grpcs  requesturl  grpcs://orderer2.hwsj.com:8050 

 FabricClient.discover_results  endpoint  { host: 'orderer3.hwsj.com', port: 9050 }

initializeChannelFromDiscover.discoveryProtocol  grpcs  requesturl  grpcs://orderer3.hwsj.com:9050 

 FabricClient.discover_results  endpoint  { host: 'orderer4.hwsj.com', port: 10050 }

initializeChannelFromDiscover.discoveryProtocol  grpcs  requesturl  grpcs://orderer4.hwsj.com:10050 

 FabricClient.discover_results  endpoint  { host: 'orderer5.hwsj.com', port: 11050 }

initializeChannelFromDiscover.discoveryProtocol  grpcs  requesturl  grpcs://orderer5.hwsj.com:11050 

insertNewOrderers discoveryProtocol  grpcs  requesturl  grpcs://orderer.hwsj.com:7050
insertNewOrderers discoveryProtocol  grpcs  requesturl  grpcs://orderer2.hwsj.com:8050
insertNewOrderers discoveryProtocol  grpcs  requesturl  grpcs://orderer3.hwsj.com:9050
insertNewOrderers discoveryProtocol  grpcs  requesturl  grpcs://orderer4.hwsj.com:10050
insertNewOrderers discoveryProtocol  grpcs  requesturl  grpcs://orderer5.hwsj.com:11050
initializeChannelFromDiscover  mychannel
 FabricClient.discover_results  endpoint  { host: 'orderer.hwsj.com', port: 7050 }

initializeChannelFromDiscover.discoveryProtocol  grpcs  requesturl  grpcs://orderer.hwsj.com:7050 

 FabricClient.discover_results  endpoint  { host: 'orderer2.hwsj.com', port: 8050 }

initializeChannelFromDiscover.discoveryProtocol  grpcs  requesturl  grpcs://orderer2.hwsj.com:8050 

 FabricClient.discover_results  endpoint  { host: 'orderer3.hwsj.com', port: 9050 }

initializeChannelFromDiscover.discoveryProtocol  grpcs  requesturl  grpcs://orderer3.hwsj.com:9050 

 FabricClient.discover_results  endpoint  { host: 'orderer4.hwsj.com', port: 10050 }

initializeChannelFromDiscover.discoveryProtocol  grpcs  requesturl  grpcs://orderer4.hwsj.com:10050 

 FabricClient.discover_results  endpoint  { host: 'orderer5.hwsj.com', port: 11050 }

initializeChannelFromDiscover.discoveryProtocol  grpcs  requesturl  grpcs://orderer5.hwsj.com:11050 

initializeChannelFromDiscover  mychannel
 FabricClient.discover_results  endpoint  { host: 'orderer.hwsj.com', port: 7050 }

initializeChannelFromDiscover.discoveryProtocol  grpcs  requesturl  grpcs://orderer.hwsj.com:7050 

 FabricClient.discover_results  endpoint  { host: 'orderer2.hwsj.com', port: 8050 }

initializeChannelFromDiscover.discoveryProtocol  grpcs  requesturl  grpcs://orderer2.hwsj.com:8050 

 FabricClient.discover_results  endpoint  { host: 'orderer3.hwsj.com', port: 9050 }

initializeChannelFromDiscover.discoveryProtocol  grpcs  requesturl  grpcs://orderer3.hwsj.com:9050 

 FabricClient.discover_results  endpoint  { host: 'orderer4.hwsj.com', port: 10050 }

initializeChannelFromDiscover.discoveryProtocol  grpcs  requesturl  grpcs://orderer4.hwsj.com:10050 

 FabricClient.discover_results  endpoint  { host: 'orderer5.hwsj.com', port: 11050 }

initializeChannelFromDiscover.discoveryProtocol  grpcs  requesturl  grpcs://orderer5.hwsj.com:11050 

insertNewOrderers discoveryProtocol  grpcs  requesturl  grpcs://orderer.hwsj.com:7050
insertNewOrderers discoveryProtocol  grpcs  requesturl  grpcs://orderer2.hwsj.com:8050
insertNewOrderers discoveryProtocol  grpcs  requesturl  grpcs://orderer3.hwsj.com:9050
insertNewOrderers discoveryProtocol  grpcs  requesturl  grpcs://orderer4.hwsj.com:10050
insertNewOrderers discoveryProtocol  grpcs  requesturl  grpcs://orderer5.hwsj.com:11050
initializeChannelFromDiscover  mychannel
 FabricClient.discover_results  endpoint  { host: 'orderer.hwsj.com', port: 7050 }

initializeChannelFromDiscover.discoveryProtocol  grpcs  requesturl  grpcs://orderer.hwsj.com:7050 

 FabricClient.discover_results  endpoint  { host: 'orderer2.hwsj.com', port: 8050 }

initializeChannelFromDiscover.discoveryProtocol  grpcs  requesturl  grpcs://orderer2.hwsj.com:8050 

 FabricClient.discover_results  endpoint  { host: 'orderer3.hwsj.com', port: 9050 }

initializeChannelFromDiscover.discoveryProtocol  grpcs  requesturl  grpcs://orderer3.hwsj.com:9050 

 FabricClient.discover_results  endpoint  { host: 'orderer4.hwsj.com', port: 10050 }

initializeChannelFromDiscover.discoveryProtocol  grpcs  requesturl  grpcs://orderer4.hwsj.com:10050 

 FabricClient.discover_results  endpoint  { host: 'orderer5.hwsj.com', port: 11050 }

initializeChannelFromDiscover.discoveryProtocol  grpcs  requesturl  grpcs://orderer5.hwsj.com:11050 

SyncPlatform initialize()-- @  Tue Jul 02 2019

Sync process is started for the network : [first-network] and client : [first-network]
config.client.tlsEnable  true
FabricConfig, this.config.channels  mychannel
An identity for the admin user: admin already exists in the wallet
initializeChannelFromDiscover  mychannel
 FabricClient.discover_results  endpoint  { host: 'orderer.hwsj.com', port: 7050 }

initializeChannelFromDiscover.discoveryProtocol  grpcs  requesturl  grpcs://orderer.hwsj.com:7050 

 FabricClient.discover_results  endpoint  { host: 'orderer2.hwsj.com', port: 8050 }

initializeChannelFromDiscover.discoveryProtocol  grpcs  requesturl  grpcs://orderer2.hwsj.com:8050 

 FabricClient.discover_results  endpoint  { host: 'orderer3.hwsj.com', port: 9050 }

initializeChannelFromDiscover.discoveryProtocol  grpcs  requesturl  grpcs://orderer3.hwsj.com:9050 

 FabricClient.discover_results  endpoint  { host: 'orderer4.hwsj.com', port: 10050 }

initializeChannelFromDiscover.discoveryProtocol  grpcs  requesturl  grpcs://orderer4.hwsj.com:10050 

 FabricClient.discover_results  endpoint  { host: 'orderer5.hwsj.com', port: 11050 }

initializeChannelFromDiscover.discoveryProtocol  grpcs  requesturl  grpcs://orderer5.hwsj.com:11050 

Channel genesis hash for channel [mychannel] >> d0fbb15ce93fbf731eb185426fbb8bb9b45e2c53c36704e8242c352ab61243e0
SyncServices.synchNetworkConfigToDB client  first-network  channel_name  mychannel
initializeChannelFromDiscover  mychannel
 FabricClient.discover_results  endpoint  { host: 'orderer.hwsj.com', port: 7050 }

initializeChannelFromDiscover.discoveryProtocol  grpcs  requesturl  grpcs://orderer.hwsj.com:7050 

 FabricClient.discover_results  endpoint  { host: 'orderer2.hwsj.com', port: 8050 }

initializeChannelFromDiscover.discoveryProtocol  grpcs  requesturl  grpcs://orderer2.hwsj.com:8050 

 FabricClient.discover_results  endpoint  { host: 'orderer3.hwsj.com', port: 9050 }

initializeChannelFromDiscover.discoveryProtocol  grpcs  requesturl  grpcs://orderer3.hwsj.com:9050 

 FabricClient.discover_results  endpoint  { host: 'orderer4.hwsj.com', port: 10050 }

initializeChannelFromDiscover.discoveryProtocol  grpcs  requesturl  grpcs://orderer4.hwsj.com:10050 

 FabricClient.discover_results  endpoint  { host: 'orderer5.hwsj.com', port: 11050 }

initializeChannelFromDiscover.discoveryProtocol  grpcs  requesturl  grpcs://orderer5.hwsj.com:11050 

insertNewOrderers discoveryProtocol  grpcs  requesturl  grpcs://orderer.hwsj.com:7050
insertNewOrderers discoveryProtocol  grpcs  requesturl  grpcs://orderer2.hwsj.com:8050
insertNewOrderers discoveryProtocol  grpcs  requesturl  grpcs://orderer3.hwsj.com:9050
insertNewOrderers discoveryProtocol  grpcs  requesturl  grpcs://orderer4.hwsj.com:10050
insertNewOrderers discoveryProtocol  grpcs  requesturl  grpcs://orderer5.hwsj.com:11050
initializeChannelFromDiscover  mychannel
 FabricClient.discover_results  endpoint  { host: 'orderer.hwsj.com', port: 7050 }

initializeChannelFromDiscover.discoveryProtocol  grpcs  requesturl  grpcs://orderer.hwsj.com:7050 

 FabricClient.discover_results  endpoint  { host: 'orderer2.hwsj.com', port: 8050 }

initializeChannelFromDiscover.discoveryProtocol  grpcs  requesturl  grpcs://orderer2.hwsj.com:8050 

 FabricClient.discover_results  endpoint  { host: 'orderer3.hwsj.com', port: 9050 }

initializeChannelFromDiscover.discoveryProtocol  grpcs  requesturl  grpcs://orderer3.hwsj.com:9050 

 FabricClient.discover_results  endpoint  { host: 'orderer4.hwsj.com', port: 10050 }

initializeChannelFromDiscover.discoveryProtocol  grpcs  requesturl  grpcs://orderer4.hwsj.com:10050 

 FabricClient.discover_results  endpoint  { host: 'orderer5.hwsj.com', port: 11050 }

initializeChannelFromDiscover.discoveryProtocol  grpcs  requesturl  grpcs://orderer5.hwsj.com:11050 

initializeChannelFromDiscover  mychannel
 FabricClient.discover_results  endpoint  { host: 'orderer.hwsj.com', port: 7050 }

initializeChannelFromDiscover.discoveryProtocol  grpcs  requesturl  grpcs://orderer.hwsj.com:7050 

 FabricClient.discover_results  endpoint  { host: 'orderer2.hwsj.com', port: 8050 }

initializeChannelFromDiscover.discoveryProtocol  grpcs  requesturl  grpcs://orderer2.hwsj.com:8050 

 FabricClient.discover_results  endpoint  { host: 'orderer3.hwsj.com', port: 9050 }

initializeChannelFromDiscover.discoveryProtocol  grpcs  requesturl  grpcs://orderer3.hwsj.com:9050 

 FabricClient.discover_results  endpoint  { host: 'orderer4.hwsj.com', port: 10050 }

initializeChannelFromDiscover.discoveryProtocol  grpcs  requesturl  grpcs://orderer4.hwsj.com:10050 

 FabricClient.discover_results  endpoint  { host: 'orderer5.hwsj.com', port: 11050 }

initializeChannelFromDiscover.discoveryProtocol  grpcs  requesturl  grpcs://orderer5.hwsj.com:11050 

