[90m2020.04.07-13:39:27.524 +0800[39m[90m debug[39m[90m [blockchain] [39m[90mConstructed a winston logger with the specified settings[39m
[32m2020.04.07-13:39:27.655 +0800[39m[32m info [39m[32m [cli-launch-master] [39m[32mBinding specification is present, performing binding for "fabric:1.4.3"[39m
[33m2020.04.07-13:39:27.658 +0800[39m[33m warn [39m[33m [bind] [39m[33mWorking directory for binding not specified. Using "/opt/shurenwei/development/tools/caliper-test"[39m
[32m2020.04.07-13:39:27.658 +0800[39m[32m info [39m[32m [bind] [39m[32mBinding for fabric@1.4.3. This might take some time...[39m
[32m2020.04.07-13:39:27.658 +0800[39m[32m info [39m[32m [bind] [39m[32mBinding working directory: /opt/shurenwei/development/tools/caliper-test[39m
[32m2020.04.07-13:39:27.659 +0800[39m[32m info [39m[32m [bind] [39m[32mCalling npm with: install grpc@1.14.2 fabric-ca-client@1.4.2 fabric-client@1.4.3 fabric-protos@2.0.0-snapshot.1 fabric-network@1.4.2[39m
[90m2020.04.07-13:41:24.838 +0800[39m[90m debug[39m[90m [blockchain] [39m[90mConstructed a winston logger with the specified settings[39m
[32m2020.04.07-13:41:24.960 +0800[39m[32m info [39m[32m [cli-launch-master] [39m[32mBinding specification is present, performing binding for "fabric:1.4.3"[39m
[33m2020.04.07-13:41:24.962 +0800[39m[33m warn [39m[33m [bind] [39m[33mWorking directory for binding not specified. Using "/opt/shurenwei/development/tools/caliper-test"[39m
[32m2020.04.07-13:41:24.962 +0800[39m[32m info [39m[32m [bind] [39m[32mBinding for fabric@1.4.3. This might take some time...[39m
[32m2020.04.07-13:41:24.962 +0800[39m[32m info [39m[32m [bind] [39m[32mBinding working directory: /opt/shurenwei/development/tools/caliper-test[39m
[32m2020.04.07-13:41:24.963 +0800[39m[32m info [39m[32m [bind] [39m[32mCalling npm with: install grpc@1.14.2 fabric-ca-client@1.4.2 fabric-client@1.4.3 fabric-protos@2.0.0-snapshot.1 fabric-network@1.4.2[39m
[32m2020.04.07-13:41:43.013 +0800[39m[32m info [39m[32m [cli-launch-master] [39m[32mSet workspace path: /opt/shurenwei/development/tools/caliper-test[39m
[32m2020.04.07-13:41:43.014 +0800[39m[32m info [39m[32m [cli-launch-master] [39m[32mSet benchmark configuration path: /opt/shurenwei/development/tools/caliper-test/benchconfig.yaml[39m
[32m2020.04.07-13:41:43.014 +0800[39m[32m info [39m[32m [cli-launch-master] [39m[32mSet network configuration path: /opt/shurenwei/development/tools/caliper-test/networkconfig.yaml[39m
[32m2020.04.07-13:41:43.014 +0800[39m[32m info [39m[32m [cli-launch-master] [39m[32mSet SUT type: fabric:1.4.3[39m
[32m2020.04.07-13:41:43.019 +0800[39m[32m info [39m[32m [caliper-engine] [39m[32mStarting benchmark flow[39m
[32m2020.04.07-13:41:43.025 +0800[39m[32m info [39m[32m [adapters/fabric] [39m[32mInitializing standard adaptor compatible with installed SDK: 1.4.2[39m
[32m2020.04.07-13:41:43.445 +0800[39m[32m info [39m[32m [caliper-engine] [39m[32mSkipping start commands due to benchmark flow conditioning[39m
[32m2020.04.07-13:41:43.445 +0800[39m[32m info [39m[32m [caliper-engine] [39m[32mSkipping initialization phase due to benchmark flow conditioning[39m
[32m2020.04.07-13:41:43.445 +0800[39m[32m info [39m[32m [caliper-engine] [39m[32mSkipping install smart contract phase due to benchmark flow conditioning[39m
[32m2020.04.07-13:41:43.446 +0800[39m[32m info [39m[32m [messenger.js] [39m[32mCreating messenger of type "mqtt-master" [39m
[90m2020.04.07-13:41:43.469 +0800[39m[90m debug[39m[90m [testObserver.js] [39m[90mCreating test observer of type "prometheus"[39m
[32m2020.04.07-13:41:43.470 +0800[39m[32m info [39m[32m [prometheus-observer] [39m[32mConfigured observer to query URL http://localhost:9090 every 1 seconds[39m
[32m2020.04.07-13:41:43.471 +0800[39m[32m info [39m[32m [round-orchestrator] [39m[32mMonitors successfully started[39m
[32m2020.04.07-13:41:43.472 +0800[39m[32m info [39m[32m [round-orchestrator] [39m[32mStarted round 1 (init1)[39m
[32m2020.04.07-13:41:43.472 +0800[39m[32m info [39m[32m [worker-orchestrator] [39m[32mLaunching worker 1 of 2[39m
[32m2020.04.07-13:41:43.475 +0800[39m[32m info [39m[32m [worker-orchestrator] [39m[32mLaunching worker 2 of 2[39m
[32m2020.04.07-13:41:43.476 +0800[39m[32m info [39m[32m [worker-orchestrator] [39m[32mMessenger not configured, entering configure phase...[39m
[32m2020.04.07-13:41:43.477 +0800[39m[32m info [39m[32m [mqtt-master-messenger] [39m[32mInitializing MQTT messenger ... [39m
[32m2020.04.07-13:41:43.517 +0800[39m[32m info [39m[32m [mqtt-master-messenger] [39m[32mConnected to mqtt broker with clientID: mqttjs_51b025de[39m
[32m2020.04.07-13:41:43.519 +0800[39m[32m info [39m[32m [worker-orchestrator] [39m[32mNo existing workers detected, entering worker launch phase...[39m
[32m2020.04.07-13:41:43.519 +0800[39m[32m info [39m[32m [worker-orchestrator] [39m[32mWaiting for 2 workers to be connected...[39m
[90m2020.04.07-13:41:43.690 +0800[39m[90m debug[39m[90m [blockchain] [39m[90mConstructed a winston logger with the specified settings[39m
[32m2020.04.07-13:41:43.813 +0800[39m[32m info [39m[32m [cli-launch-worker] [39m[32mWorker is a locally forked process, skipping binding step already performed by the master process[39m
[32m2020.04.07-13:41:43.813 +0800[39m[32m info [39m[32m [cli-launch-worker] [39m[32mSet workspace path: /opt/shurenwei/development/tools/caliper-test[39m
[32m2020.04.07-13:41:43.813 +0800[39m[32m info [39m[32m [cli-launch-worker] [39m[32mSet benchmark configuration path: /opt/shurenwei/development/tools/caliper-test/benchconfig.yaml[39m
[32m2020.04.07-13:41:43.813 +0800[39m[32m info [39m[32m [cli-launch-worker] [39m[32mSet network configuration path: /opt/shurenwei/development/tools/caliper-test/networkconfig.yaml[39m
[32m2020.04.07-13:41:43.814 +0800[39m[32m info [39m[32m [cli-launch-worker] [39m[32mSet SUT type: fabric:1.4.3[39m
[32m2020.04.07-13:41:43.815 +0800[39m[32m info [39m[32m [messenger.js] [39m[32mCreating messenger of type "mqtt-worker"  for SUT fabric[39m
[32m2020.04.07-13:41:43.834 +0800[39m[32m info [39m[32m [mqtt-worker-messenger] [39m[32mInitializing MQTT messenger ... [39m
[90m2020.04.07-13:41:43.687 +0800[39m[90m debug[39m[90m [blockchain] [39m[90mConstructed a winston logger with the specified settings[39m
[32m2020.04.07-13:41:43.813 +0800[39m[32m info [39m[32m [cli-launch-worker] [39m[32mWorker is a locally forked process, skipping binding step already performed by the master process[39m
[32m2020.04.07-13:41:43.814 +0800[39m[32m info [39m[32m [cli-launch-worker] [39m[32mSet workspace path: /opt/shurenwei/development/tools/caliper-test[39m
[32m2020.04.07-13:41:43.814 +0800[39m[32m info [39m[32m [cli-launch-worker] [39m[32mSet benchmark configuration path: /opt/shurenwei/development/tools/caliper-test/benchconfig.yaml[39m
[32m2020.04.07-13:41:43.814 +0800[39m[32m info [39m[32m [cli-launch-worker] [39m[32mSet network configuration path: /opt/shurenwei/development/tools/caliper-test/networkconfig.yaml[39m
[32m2020.04.07-13:41:43.814 +0800[39m[32m info [39m[32m [cli-launch-worker] [39m[32mSet SUT type: fabric:1.4.3[39m
[32m2020.04.07-13:41:43.816 +0800[39m[32m info [39m[32m [messenger.js] [39m[32mCreating messenger of type "mqtt-worker"  for SUT fabric[39m
[32m2020.04.07-13:41:43.834 +0800[39m[32m info [39m[32m [mqtt-worker-messenger] [39m[32mInitializing MQTT messenger ... [39m
[32m2020.04.07-13:41:43.904 +0800[39m[32m info [39m[32m [mqtt-worker-messenger] [39m[32mfabric worker connected with mqtt clientId mqttjs_8a8f8d2c[39m
[32m2020.04.07-13:41:43.905 +0800[39m[32m info [39m[32m [mqtt-worker-messenger] [39m[32mfabric worker connected with mqtt clientId mqttjs_1701212f[39m
[32m2020.04.07-13:41:43.904 +0800[39m[32m info [39m[32m [mqtt-worker-messenger] [39m[32mfabric worker with mqtt clientId mqttjs_8a8f8d2c subscribing to topic "master/update"[39m
[32m2020.04.07-13:41:43.905 +0800[39m[32m info [39m[32m [mqtt-worker-messenger] [39m[32mfabric worker with mqtt clientId mqttjs_1701212f subscribing to topic "master/update"[39m
[90m2020.04.07-13:41:48.525 +0800[39m[90m debug[39m[90m [mqtt-master-messenger] [39m[90mPublished message: {"to":["all"],"from":"mqttjs_51b025de","timestamp":"2020-04-07T05:41:48.524Z","data":{"type":"register"}}[39m
[90m2020.04.07-13:41:48.530 +0800[39m[90m debug[39m[90m [mqtt-worker-messenger] [39m[90mfabric worker published message: {"to":["orchestrator"],"from":"mqttjs_8a8f8d2c","timestamp":"2020-04-07T05:41:48.529Z","data":{"type":"connected"}}[39m
[90m2020.04.07-13:41:48.531 +0800[39m[90m debug[39m[90m [mqtt-worker-messenger] [39m[90mfabric worker published message: {"to":["orchestrator"],"from":"mqttjs_1701212f","timestamp":"2020-04-07T05:41:48.530Z","data":{"type":"connected"}}[39m
[90m2020.04.07-13:41:48.533 +0800[39m[90m debug[39m[90m [mqtt-master-messenger] [39m[90mProcessing message from 'worker/update' topic and message: {"to":["orchestrator"],"from":"mqttjs_8a8f8d2c","timestamp":"2020-04-07T05:41:48.529Z","data":{"type":"connected"}}[39m
[90m2020.04.07-13:41:48.534 +0800[39m[90m debug[39m[90m [worker-orchestrator] [39m[90mDealing with connected message {"to":["orchestrator"],"from":"mqttjs_8a8f8d2c","timestamp":"2020-04-07T05:41:48.529Z","data":{"type":"connected"}}[39m
[90m2020.04.07-13:41:48.534 +0800[39m[90m debug[39m[90m [worker-orchestrator] [39m[90mHandling connected message from mqttjs_8a8f8d2c with data {"type":"connected"}[39m
[90m2020.04.07-13:41:48.534 +0800[39m[90m debug[39m[90m [mqtt-master-messenger] [39m[90mProcessing message from 'worker/update' topic and message: {"to":["orchestrator"],"from":"mqttjs_1701212f","timestamp":"2020-04-07T05:41:48.530Z","data":{"type":"connected"}}[39m
[90m2020.04.07-13:41:48.534 +0800[39m[90m debug[39m[90m [worker-orchestrator] [39m[90mDealing with connected message {"to":["orchestrator"],"from":"mqttjs_1701212f","timestamp":"2020-04-07T05:41:48.530Z","data":{"type":"connected"}}[39m
[90m2020.04.07-13:41:48.535 +0800[39m[90m debug[39m[90m [worker-orchestrator] [39m[90mHandling connected message from mqttjs_1701212f with data {"type":"connected"}[39m
[32m2020.04.07-13:41:48.535 +0800[39m[32m info [39m[32m [worker-orchestrator] [39m[32m2 workers connected, progressing to worker assignment phase.[39m
[32m2020.04.07-13:41:48.535 +0800[39m[32m info [39m[32m [worker-orchestrator] [39m[32mWorkers currently unassigned, awaiting index assignment...[39m
[90m2020.04.07-13:41:48.535 +0800[39m[90m debug[39m[90m [mqtt-master-messenger] [39m[90mPublished message: {"to":["mqttjs_8a8f8d2c"],"from":"mqttjs_51b025de","timestamp":"2020-04-07T05:41:48.535Z","data":{"workerId":0,"type":"assignId"}}[39m
[90m2020.04.07-13:41:48.535 +0800[39m[90m debug[39m[90m [mqtt-master-messenger] [39m[90mPublished message: {"to":["mqttjs_1701212f"],"from":"mqttjs_51b025de","timestamp":"2020-04-07T05:41:48.535Z","data":{"workerId":1,"type":"assignId"}}[39m
[32m2020.04.07-13:41:48.536 +0800[39m[32m info [39m[32m [worker-orchestrator] [39m[32mWaiting for 2 workers to be assigned...[39m
[90m2020.04.07-13:41:48.538 +0800[39m[90m debug[39m[90m [mqtt-worker-messenger] [39m[90mfabric worker published message: {"to":["orchestrator"],"from":"mqttjs_8a8f8d2c","timestamp":"2020-04-07T05:41:48.538Z","data":{"type":"assigned"}}[39m
[90m2020.04.07-13:41:48.540 +0800[39m[90m debug[39m[90m [mqtt-master-messenger] [39m[90mProcessing message from 'worker/update' topic and message: {"to":["orchestrator"],"from":"mqttjs_8a8f8d2c","timestamp":"2020-04-07T05:41:48.538Z","data":{"type":"assigned"}}[39m
[90m2020.04.07-13:41:48.540 +0800[39m[90m debug[39m[90m [worker-orchestrator] [39m[90mDealing with assigned message {"to":["orchestrator"],"from":"mqttjs_8a8f8d2c","timestamp":"2020-04-07T05:41:48.538Z","data":{"type":"assigned"}}[39m
[90m2020.04.07-13:41:48.540 +0800[39m[90m debug[39m[90m [worker-orchestrator] [39m[90mHandling assigned message from mqttjs_8a8f8d2c with data {"type":"assigned"}[39m
[90m2020.04.07-13:41:48.540 +0800[39m[90m debug[39m[90m [worker-orchestrator] [39m[90mPending ready messages from workers: [mqttjs_1701212f][39m
[90m2020.04.07-13:41:48.579 +0800[39m[90m debug[39m[90m [mqtt-worker-messenger] [39m[90mfabric worker published message: {"to":["orchestrator"],"from":"mqttjs_1701212f","timestamp":"2020-04-07T05:41:48.579Z","data":{"type":"assigned"}}[39m
[90m2020.04.07-13:41:48.582 +0800[39m[90m debug[39m[90m [mqtt-master-messenger] [39m[90mProcessing message from 'worker/update' topic and message: {"to":["orchestrator"],"from":"mqttjs_1701212f","timestamp":"2020-04-07T05:41:48.579Z","data":{"type":"assigned"}}[39m
[90m2020.04.07-13:41:48.582 +0800[39m[90m debug[39m[90m [worker-orchestrator] [39m[90mDealing with assigned message {"to":["orchestrator"],"from":"mqttjs_1701212f","timestamp":"2020-04-07T05:41:48.579Z","data":{"type":"assigned"}}[39m
[90m2020.04.07-13:41:48.582 +0800[39m[90m debug[39m[90m [worker-orchestrator] [39m[90mHandling assigned message from mqttjs_1701212f with data {"type":"assigned"}[39m
[90m2020.04.07-13:41:48.582 +0800[39m[90m debug[39m[90m [worker-orchestrator] [39m[90mAll workers completed phase assigned[39m
[32m2020.04.07-13:41:48.582 +0800[39m[32m info [39m[32m [worker-orchestrator] [39m[32m2 workers assigned, progressing to worker initialization phase.[39m
[32m2020.04.07-13:41:48.582 +0800[39m[32m info [39m[32m [worker-orchestrator] [39m[32mWaiting for 2 workers to be ready...[39m
[90m2020.04.07-13:41:48.582 +0800[39m[90m debug[39m[90m [mqtt-master-messenger] [39m[90mPublished message: {"to":["all"],"from":"mqttjs_51b025de","timestamp":"2020-04-07T05:41:48.582Z","data":{"type":"initialize"}}[39m
[32m2020.04.07-13:41:48.584 +0800[39m[32m info [39m[32m [message-handler] [39m[32mHandling "init" message[39m
[32m2020.04.07-13:41:48.584 +0800[39m[32m info [39m[32m [message-handler] [39m[32mHandling "init" message[39m
[90m2020.04.07-13:41:48.584 +0800[39m[90m debug[39m[90m [message-handler] [39m[90mMessage content[39m[90m ({"type":"initialize"})[39m
[32m2020.04.07-13:41:48.589 +0800[39m[32m info [39m[32m [adapters/fabric] [39m[32mInitializing standard adaptor compatible with installed SDK: 1.4.2[39m
[32m2020.04.07-13:41:48.986 +0800[39m[32m info [39m[32m [adapters/fabric] [39m[32mFabric SDK version: 1.4.3; TLS: mutual[39m
[32m2020.04.07-13:41:49.195 +0800[39m[32m info [39m[32m [adapters/fabric] [39m[32mOrg1's admin's materials are successfully loaded[39m
[90m2020.04.07-13:41:48.584 +0800[39m[90m debug[39m[90m [message-handler] [39m[90mMessage content[39m[90m ({"type":"initialize"})[39m
[32m2020.04.07-13:41:48.589 +0800[39m[32m info [39m[32m [adapters/fabric] [39m[32mInitializing standard adaptor compatible with installed SDK: 1.4.2[39m
[32m2020.04.07-13:41:48.988 +0800[39m[32m info [39m[32m [adapters/fabric] [39m[32mFabric SDK version: 1.4.3; TLS: mutual[39m
[32m2020.04.07-13:41:49.200 +0800[39m[32m info [39m[32m [adapters/fabric] [39m[32mOrg1's admin's materials are successfully loaded[39m
[32m2020.04.07-13:41:49.201 +0800[39m[32m info [39m[32m [adapters/fabric] [39m[32mOrg2's admin's materials are successfully loaded[39m
[32m2020.04.07-13:41:49.207 +0800[39m[32m info [39m[32m [adapters/fabric] [39m[32mOrg2's admin's materials are successfully loaded[39m
[90m2020.04.07-13:41:49.215 +0800[39m[90m debug[39m[90m [mqtt-worker-messenger] [39m[90mfabric worker published message: {"to":["orchestrator"],"from":"mqttjs_1701212f","timestamp":"2020-04-07T05:41:49.215Z","data":{"type":"ready"}}[39m
[32m2020.04.07-13:41:49.215 +0800[39m[32m info [39m[32m [message-handler] [39m[32mHandled successful "init" message for worker 1[39m
[90m2020.04.07-13:41:49.217 +0800[39m[90m debug[39m[90m [mqtt-master-messenger] [39m[90mProcessing message from 'worker/update' topic and message: {"to":["orchestrator"],"from":"mqttjs_1701212f","timestamp":"2020-04-07T05:41:49.215Z","data":{"type":"ready"}}[39m
[90m2020.04.07-13:41:49.218 +0800[39m[90m debug[39m[90m [worker-orchestrator] [39m[90mDealing with ready message {"to":["orchestrator"],"from":"mqttjs_1701212f","timestamp":"2020-04-07T05:41:49.215Z","data":{"type":"ready"}}[39m
[90m2020.04.07-13:41:49.218 +0800[39m[90m debug[39m[90m [worker-orchestrator] [39m[90mHandling ready message from mqttjs_1701212f with data {"type":"ready"}[39m
[90m2020.04.07-13:41:49.218 +0800[39m[90m debug[39m[90m [worker-orchestrator] [39m[90mPending ready messages from workers: [mqttjs_8a8f8d2c][39m
[90m2020.04.07-13:41:49.222 +0800[39m[90m debug[39m[90m [mqtt-worker-messenger] [39m[90mfabric worker published message: {"to":["orchestrator"],"from":"mqttjs_8a8f8d2c","timestamp":"2020-04-07T05:41:49.222Z","data":{"type":"ready"}}[39m
[32m2020.04.07-13:41:49.222 +0800[39m[32m info [39m[32m [message-handler] [39m[32mHandled successful "init" message for worker 0[39m
[90m2020.04.07-13:41:49.259 +0800[39m[90m debug[39m[90m [mqtt-master-messenger] [39m[90mProcessing message from 'worker/update' topic and message: {"to":["orchestrator"],"from":"mqttjs_8a8f8d2c","timestamp":"2020-04-07T05:41:49.222Z","data":{"type":"ready"}}[39m
[90m2020.04.07-13:41:49.259 +0800[39m[90m debug[39m[90m [worker-orchestrator] [39m[90mDealing with ready message {"to":["orchestrator"],"from":"mqttjs_8a8f8d2c","timestamp":"2020-04-07T05:41:49.222Z","data":{"type":"ready"}}[39m
[90m2020.04.07-13:41:49.259 +0800[39m[90m debug[39m[90m [worker-orchestrator] [39m[90mHandling ready message from mqttjs_8a8f8d2c with data {"type":"ready"}[39m
[90m2020.04.07-13:41:49.259 +0800[39m[90m debug[39m[90m [worker-orchestrator] [39m[90mAll workers completed phase ready[39m
[32m2020.04.07-13:41:49.260 +0800[39m[32m info [39m[32m [worker-orchestrator] [39m[32m2 workers ready, progressing to test preparation phase.[39m
[90m2020.04.07-13:41:49.260 +0800[39m[90m debug[39m[90m [mqtt-master-messenger] [39m[90mPublished message: {"to":["mqttjs_8a8f8d2c"],"from":"mqttjs_51b025de","timestamp":"2020-04-07T05:41:49.260Z","data":{"label":"init1","rateControl":{"type":"fixed-rate","opts":{"tps":20}},"trim":0,"cb":"./init.js","testRound":0,"pushUrl":"http://localhost:9091","numb":100,"clientArgs":{},"totalClients":2,"type":"prepare"}}[39m
[90m2020.04.07-13:41:49.260 +0800[39m[90m debug[39m[90m [mqtt-master-messenger] [39m[90mPublished message: {"to":["mqttjs_1701212f"],"from":"mqttjs_51b025de","timestamp":"2020-04-07T05:41:49.260Z","data":{"label":"init1","rateControl":{"type":"fixed-rate","opts":{"tps":20}},"trim":0,"cb":"./init.js","testRound":0,"pushUrl":"http://localhost:9091","numb":100,"clientArgs":{},"totalClients":2,"type":"prepare"}}[39m
[32m2020.04.07-13:41:49.263 +0800[39m[32m info [39m[32m [message-handler] [39m[32mHandling "prepare" message[39m
[32m2020.04.07-13:41:49.263 +0800[39m[32m info [39m[32m [message-handler] [39m[32mHandling "prepare" message[39m
[90m2020.04.07-13:41:49.264 +0800[39m[90m debug[39m[90m [message-handler] [39m[90mMessage content[39m[90m ({"label":"init1","rateControl":{"type":"fixed-rate","opts":{"tps":20}},"trim":0,"cb":"./init.js","testRound":0,"pushUrl":"http://localhost:9091","numb":100,"clientArgs":{},"totalClients":2,"type":"prepare"})[39m
[90m2020.04.07-13:41:49.264 +0800[39m[90m debug[39m[90m [caliper-local-client.js] [39m[90mprepareTest() with:[39m[90m ({"label":"init1","rateControl":{"type":"fixed-rate","opts":{"tps":20}},"trim":0,"cb":"./init.js","testRound":0,"pushUrl":"http://localhost:9091","numb":100,"clientArgs":{},"totalClients":2,"type":"prepare"})[39m
[90m2020.04.07-13:41:49.263 +0800[39m[90m debug[39m[90m [message-handler] [39m[90mMessage content[39m[90m ({"label":"init1","rateControl":{"type":"fixed-rate","opts":{"tps":20}},"trim":0,"cb":"./init.js","testRound":0,"pushUrl":"http://localhost:9091","numb":100,"clientArgs":{},"totalClients":2,"type":"prepare"})[39m
[90m2020.04.07-13:41:49.263 +0800[39m[90m debug[39m[90m [caliper-local-client.js] [39m[90mprepareTest() with:[39m[90m ({"label":"init1","rateControl":{"type":"fixed-rate","opts":{"tps":20}},"trim":0,"cb":"./init.js","testRound":0,"pushUrl":"http://localhost:9091","numb":100,"clientArgs":{},"totalClients":2,"type":"prepare"})[39m
[32m2020.04.07-13:41:49.393 +0800[39m[32m info [39m[32m [caliper-local-client.js] [39m[32mInfo: client 0 prepare test :Creating marbles.phase starting...[39m
[32m2020.04.07-13:41:49.394 +0800[39m[32m info [39m[32m [caliper-local-client.js] [39m[32mInfo: client 1 prepare test :Creating marbles.phase starting...[39m
[32m2020.04.07-13:41:54.268 +0800[39m[32m info [39m[32m [caliper-local-client.js] [39m[32mInitialization ongoing...[39m
[32m2020.04.07-13:41:54.270 +0800[39m[32m info [39m[32m [caliper-local-client.js] [39m[32mInitialization ongoing...[39m
[32m2020.04.07-13:41:54.394 +0800[39m[32m info [39m[32m [caliper-local-client.js] [39m[32mInfo: client 1 prepare test :Creating marbles.phase complete[39m
[32m2020.04.07-13:41:54.394 +0800[39m[32m info [39m[32m [caliper-local-client.js] [39m[32mInfo: client 0 prepare test :Creating marbles.phase complete[39m
[90m2020.04.07-13:41:54.395 +0800[39m[90m debug[39m[90m [mqtt-worker-messenger] [39m[90mfabric worker published message: {"to":["orchestrator"],"from":"mqttjs_8a8f8d2c","timestamp":"2020-04-07T05:41:54.395Z","data":{"type":"prepared"}}[39m
[32m2020.04.07-13:41:54.395 +0800[39m[32m info [39m[32m [message-handler] [39m[32mHandled successful "prepare" message for worker 0 and test round 0[39m
[90m2020.04.07-13:41:54.395 +0800[39m[90m debug[39m[90m [mqtt-worker-messenger] [39m[90mfabric worker published message: {"to":["orchestrator"],"from":"mqttjs_1701212f","timestamp":"2020-04-07T05:41:54.395Z","data":{"type":"prepared"}}[39m
[32m2020.04.07-13:41:54.395 +0800[39m[32m info [39m[32m [message-handler] [39m[32mHandled successful "prepare" message for worker 1 and test round 0[39m
[90m2020.04.07-13:41:54.399 +0800[39m[90m debug[39m[90m [mqtt-master-messenger] [39m[90mProcessing message from 'worker/update' topic and message: {"to":["orchestrator"],"from":"mqttjs_1701212f","timestamp":"2020-04-07T05:41:54.395Z","data":{"type":"prepared"}}[39m
[90m2020.04.07-13:41:54.399 +0800[39m[90m debug[39m[90m [worker-orchestrator] [39m[90mDealing with prepared message {"to":["orchestrator"],"from":"mqttjs_1701212f","timestamp":"2020-04-07T05:41:54.395Z","data":{"type":"prepared"}}[39m
[90m2020.04.07-13:41:54.399 +0800[39m[90m debug[39m[90m [worker-orchestrator] [39m[90mHandling prepared message from mqttjs_1701212f with data {"type":"prepared"}[39m
[90m2020.04.07-13:41:54.440 +0800[39m[90m debug[39m[90m [mqtt-master-messenger] [39m[90mProcessing message from 'worker/update' topic and message: {"to":["orchestrator"],"from":"mqttjs_8a8f8d2c","timestamp":"2020-04-07T05:41:54.395Z","data":{"type":"prepared"}}[39m
[90m2020.04.07-13:41:54.441 +0800[39m[90m debug[39m[90m [worker-orchestrator] [39m[90mDealing with prepared message {"to":["orchestrator"],"from":"mqttjs_8a8f8d2c","timestamp":"2020-04-07T05:41:54.395Z","data":{"type":"prepared"}}[39m
[90m2020.04.07-13:41:54.441 +0800[39m[90m debug[39m[90m [worker-orchestrator] [39m[90mHandling prepared message from mqttjs_8a8f8d2c with data {"type":"prepared"}[39m
[32m2020.04.07-13:41:54.441 +0800[39m[32m info [39m[32m [worker-orchestrator] [39m[32m2 workers prepared, progressing to test phase.[39m
[32m2020.04.07-13:41:54.441 +0800[39m[32m info [39m[32m [prometheus-observer] [39m[32mStarting observer cycle with interval 1000 ms[39m
[90m2020.04.07-13:41:54.442 +0800[39m[90m debug[39m[90m [mqtt-master-messenger] [39m[90mPublished message: {"to":["mqttjs_8a8f8d2c"],"from":"mqttjs_51b025de","timestamp":"2020-04-07T05:41:54.442Z","data":{"label":"init1","rateControl":{"type":"fixed-rate","opts":{"tps":20}},"trim":0,"cb":"./init.js","testRound":0,"pushUrl":"http://localhost:9091","numb":50,"clientArgs":{},"totalClients":2,"type":"test"}}[39m
[90m2020.04.07-13:41:54.442 +0800[39m[90m debug[39m[90m [mqtt-master-messenger] [39m[90mPublished message: {"to":["mqttjs_1701212f"],"from":"mqttjs_51b025de","timestamp":"2020-04-07T05:41:54.442Z","data":{"label":"init1","rateControl":{"type":"fixed-rate","opts":{"tps":20}},"trim":0,"cb":"./init.js","testRound":0,"pushUrl":"http://localhost:9091","numb":50,"clientArgs":{},"totalClients":2,"type":"test"}}[39m
[32m2020.04.07-13:41:54.445 +0800[39m[32m info [39m[32m [message-handler] [39m[32mHandling "test" message[39m
[32m2020.04.07-13:41:54.447 +0800[39m[32m info [39m[32m [message-handler] [39m[32mHandling "test" message[39m
[90m2020.04.07-13:41:54.451 +0800[39m[90m debug[39m[90m [mqtt-master-messenger] [39m[90mProcessing message from 'worker/update' topic and message: {"to":["orchestrator"],"from":"mqttjs_8a8f8d2c","timestamp":"2020-04-07T05:41:54.446Z","data":{"type":"txReset"}}[39m
[90m2020.04.07-13:41:54.451 +0800[39m[90m debug[39m[90m [worker-orchestrator] [39m[90mDealing with txReset message[39m
[90m2020.04.07-13:41:54.445 +0800[39m[90m debug[39m[90m [message-handler] [39m[90mMessage content[39m[90m ({"label":"init1","rateControl":{"type":"fixed-rate","opts":{"tps":20}},"trim":0,"cb":"./init.js","testRound":0,"pushUrl":"http://localhost:9091","numb":50,"clientArgs":{},"totalClients":2,"type":"test"})[39m
[90m2020.04.07-13:41:54.446 +0800[39m[90m debug[39m[90m [caliper-local-client.js] [39m[90mdoTest() with:[39m[90m ({"label":"init1","rateControl":{"type":"fixed-rate","opts":{"tps":20}},"trim":0,"cb":"./init.js","testRound":0,"pushUrl":"http://localhost:9091","numb":50,"clientArgs":{},"totalClients":2,"type":"test"})[39m
[90m2020.04.07-13:41:54.446 +0800[39m[90m debug[39m[90m [mqtt-worker-messenger] [39m[90mfabric worker published message: {"to":["orchestrator"],"from":"mqttjs_8a8f8d2c","timestamp":"2020-04-07T05:41:54.446Z","data":{"type":"txReset"}}[39m
[90m2020.04.07-13:41:54.447 +0800[39m[90m debug[39m[90m [prometheus-push-client] [39m[90mPrometheus push client configured to target http://localhost:9091/metrics/job/caliper/instance/init1/round/0/client/0[39m
[32m2020.04.07-13:41:54.447 +0800[39m[32m info [39m[32m [caliper-local-client.js] [39m[32mtxUpdateTime: 5000[39m
[90m2020.04.07-13:41:54.447 +0800[39m[90m debug[39m[90m [rateControl.js] [39m[90mCreating rate controller for client#0 for round#0[39m[90m ({"type":"fixed-rate","opts":{"tps":20}})[39m
[32m2020.04.07-13:41:54.448 +0800[39m[32m info [39m[32m [caliper-local-client.js] [39m[32mInfo: client 0 start test runFixedNumber():Creating marbles.[39m
[90m2020.04.07-13:41:54.447 +0800[39m[90m debug[39m[90m [message-handler] [39m[90mMessage content[39m[90m ({"label":"init1","rateControl":{"type":"fixed-rate","opts":{"tps":20}},"trim":0,"cb":"./init.js","testRound":0,"pushUrl":"http://localhost:9091","numb":50,"clientArgs":{},"totalClients":2,"type":"test"})[39m
[90m2020.04.07-13:41:54.447 +0800[39m[90m debug[39m[90m [caliper-local-client.js] [39m[90mdoTest() with:[39m[90m ({"label":"init1","rateControl":{"type":"fixed-rate","opts":{"tps":20}},"trim":0,"cb":"./init.js","testRound":0,"pushUrl":"http://localhost:9091","numb":50,"clientArgs":{},"totalClients":2,"type":"test"})[39m
[90m2020.04.07-13:41:54.448 +0800[39m[90m debug[39m[90m [mqtt-worker-messenger] [39m[90mfabric worker published message: {"to":["orchestrator"],"from":"mqttjs_1701212f","timestamp":"2020-04-07T05:41:54.448Z","data":{"type":"txReset"}}[39m
[90m2020.04.07-13:41:54.448 +0800[39m[90m debug[39m[90m [prometheus-push-client] [39m[90mPrometheus push client configured to target http://localhost:9091/metrics/job/caliper/instance/init1/round/0/client/1[39m
[32m2020.04.07-13:41:54.449 +0800[39m[32m info [39m[32m [caliper-local-client.js] [39m[32mtxUpdateTime: 5000[39m
[90m2020.04.07-13:41:54.449 +0800[39m[90m debug[39m[90m [rateControl.js] [39m[90mCreating rate controller for client#1 for round#0[39m[90m ({"type":"fixed-rate","opts":{"tps":20}})[39m
[32m2020.04.07-13:41:54.450 +0800[39m[32m info [39m[32m [caliper-local-client.js] [39m[32mInfo: client 1 start test runFixedNumber():Creating marbles.[39m
[90m2020.04.07-13:41:54.491 +0800[39m[90m debug[39m[90m [mqtt-master-messenger] [39m[90mProcessing message from 'worker/update' topic and message: {"to":["orchestrator"],"from":"mqttjs_1701212f","timestamp":"2020-04-07T05:41:54.448Z","data":{"type":"txReset"}}[39m
[90m2020.04.07-13:41:54.492 +0800[39m[90m debug[39m[90m [worker-orchestrator] [39m[90mDealing with txReset message[39m
[90m2020.04.07-13:41:55.443 +0800[39m[90m debug[39m[90m [prometheus-query-client] [39m[90mIssuing query: [39m[90m (?query=sum(caliper_txn_success{instance="init1", round="0"})&time=1586238115.443)[39m
[90m2020.04.07-13:41:55.456 +0800[39m[90m debug[39m[90m [prometheus-query-client] [39m[90mIssuing query: [39m[90m (?query=sum(caliper_txn_failure{instance="init1", round="0"})&time=1586238115.456)[39m
[90m2020.04.07-13:41:55.463 +0800[39m[90m debug[39m[90m [prometheus-query-client] [39m[90mIssuing query: [39m[90m (?query=sum(caliper_txn_pending{instance="init1", round="0"})&time=1586238115.463)[39m
[32m2020.04.07-13:41:55.468 +0800[39m[32m info [39m[32m [prometheus-observer] [39m[32m[init1 Round 0 Transaction Info] - Submitted: --- Succ: - Fail:- Unfinished:-[39m
[90m2020.04.07-13:41:56.443 +0800[39m[90m debug[39m[90m [prometheus-query-client] [39m[90mIssuing query: [39m[90m (?query=sum(caliper_txn_success{instance="init1", round="0"})&time=1586238116.443)[39m
[90m2020.04.07-13:41:56.447 +0800[39m[90m debug[39m[90m [prometheus-query-client] [39m[90mIssuing query: [39m[90m (?query=sum(caliper_txn_failure{instance="init1", round="0"})&time=1586238116.447)[39m
[90m2020.04.07-13:41:56.451 +0800[39m[90m debug[39m[90m [prometheus-query-client] [39m[90mIssuing query: [39m[90m (?query=sum(caliper_txn_pending{instance="init1", round="0"})&time=1586238116.451)[39m
[32m2020.04.07-13:41:56.461 +0800[39m[32m info [39m[32m [prometheus-observer] [39m[32m[init1 Round 0 Transaction Info] - Submitted: --- Succ: - Fail:- Unfinished:-[39m
[90m2020.04.07-13:41:57.443 +0800[39m[90m debug[39m[90m [prometheus-query-client] [39m[90mIssuing query: [39m[90m (?query=sum(caliper_txn_success{instance="init1", round="0"})&time=1586238117.443)[39m
[90m2020.04.07-13:41:57.447 +0800[39m[90m debug[39m[90m [prometheus-query-client] [39m[90mIssuing query: [39m[90m (?query=sum(caliper_txn_failure{instance="init1", round="0"})&time=1586238117.447)[39m
[90m2020.04.07-13:41:57.453 +0800[39m[90m debug[39m[90m [prometheus-query-client] [39m[90mIssuing query: [39m[90m (?query=sum(caliper_txn_pending{instance="init1", round="0"})&time=1586238117.453)[39m
[32m2020.04.07-13:41:57.459 +0800[39m[32m info [39m[32m [prometheus-observer] [39m[32m[init1 Round 0 Transaction Info] - Submitted: --- Succ: - Fail:- Unfinished:-[39m
[90m2020.04.07-13:41:58.447 +0800[39m[90m debug[39m[90m [prometheus-query-client] [39m[90mIssuing query: [39m[90m (?query=sum(caliper_txn_success{instance="init1", round="0"})&time=1586238118.447)[39m
[90m2020.04.07-13:41:58.452 +0800[39m[90m debug[39m[90m [prometheus-query-client] [39m[90mIssuing query: [39m[90m (?query=sum(caliper_txn_failure{instance="init1", round="0"})&time=1586238118.452)[39m
[90m2020.04.07-13:41:58.467 +0800[39m[90m debug[39m[90m [prometheus-query-client] [39m[90mIssuing query: [39m[90m (?query=sum(caliper_txn_pending{instance="init1", round="0"})&time=1586238118.467)[39m
[32m2020.04.07-13:41:58.473 +0800[39m[32m info [39m[32m [prometheus-observer] [39m[32m[init1 Round 0 Transaction Info] - Submitted: --- Succ: - Fail:- Unfinished:-[39m
[90m2020.04.07-13:41:59.448 +0800[39m[90m debug[39m[90m [prometheus-query-client] [39m[90mIssuing query: [39m[90m (?query=sum(caliper_txn_success{instance="init1", round="0"})&time=1586238119.448)[39m
[90m2020.04.07-13:41:59.449 +0800[39m[90m debug[39m[90m [prometheus-push-client] [39m[90mPrometheus client sending body caliper_tps 10 to target http://localhost:9091/metrics/job/caliper/instance/init1/round/0/client/0[39m
[90m2020.04.07-13:41:59.452 +0800[39m[90m debug[39m[90m [prometheus-push-client] [39m[90mPrometheus client sending body caliper_tps 10 to target http://localhost:9091/metrics/job/caliper/instance/init1/round/0/client/1[39m
[90m2020.04.07-13:41:59.459 +0800[39m[90m debug[39m[90m [prometheus-query-client] [39m[90mIssuing query: [39m[90m (?query=sum(caliper_txn_failure{instance="init1", round="0"})&time=1586238119.459)[39m
[90m2020.04.07-13:41:59.453 +0800[39m[90m debug[39m[90m [prometheus-push-client] [39m[90mPrometheus client sending body caliper_latency 0.28937999999999997 to target http://localhost:9091/metrics/job/caliper/instance/init1/round/0/client/0[39m
[90m2020.04.07-13:41:59.454 +0800[39m[90m debug[39m[90m [prometheus-push-client] [39m[90mPrometheus client sending body caliper_txn_submit_rate 10 to target http://localhost:9091/metrics/job/caliper/instance/init1/round/0/client/0[39m
[90m2020.04.07-13:41:59.454 +0800[39m[90m debug[39m[90m [prometheus-push-client] [39m[90mPrometheus client sending body caliper_txn_success 50 to target http://localhost:9091/metrics/job/caliper/instance/init1/round/0/client/0[39m
[90m2020.04.07-13:41:59.455 +0800[39m[90m debug[39m[90m [prometheus-push-client] [39m[90mPrometheus client sending body caliper_txn_failure 0 to target http://localhost:9091/metrics/job/caliper/instance/init1/round/0/client/0[39m
[90m2020.04.07-13:41:59.455 +0800[39m[90m debug[39m[90m [prometheus-push-client] [39m[90mPrometheus client sending body caliper_txn_pending 0 to target http://localhost:9091/metrics/job/caliper/instance/init1/round/0/client/0[39m
[90m2020.04.07-13:41:59.459 +0800[39m[90m debug[39m[90m [prometheus-push-client] [39m[90mPrometheus client sending body caliper_txn_success 0 to target http://localhost:9091/metrics/job/caliper/instance/init1/round/0/client/0[39m
[90m2020.04.07-13:41:59.459 +0800[39m[90m debug[39m[90m [prometheus-push-client] [39m[90mPrometheus client sending body caliper_txn_failure 0 to target http://localhost:9091/metrics/job/caliper/instance/init1/round/0/client/0[39m
[90m2020.04.07-13:41:59.460 +0800[39m[90m debug[39m[90m [prometheus-push-client] [39m[90mPrometheus client sending body caliper_txn_pending 0 to target http://localhost:9091/metrics/job/caliper/instance/init1/round/0/client/0[39m
[90m2020.04.07-13:41:59.456 +0800[39m[90m debug[39m[90m [prometheus-push-client] [39m[90mPrometheus client sending body caliper_latency 0.29056 to target http://localhost:9091/metrics/job/caliper/instance/init1/round/0/client/1[39m
[90m2020.04.07-13:41:59.457 +0800[39m[90m debug[39m[90m [prometheus-push-client] [39m[90mPrometheus client sending body caliper_txn_submit_rate 10 to target http://localhost:9091/metrics/job/caliper/instance/init1/round/0/client/1[39m
[90m2020.04.07-13:41:59.457 +0800[39m[90m debug[39m[90m [prometheus-push-client] [39m[90mPrometheus client sending body caliper_txn_success 50 to target http://localhost:9091/metrics/job/caliper/instance/init1/round/0/client/1[39m
[90m2020.04.07-13:41:59.457 +0800[39m[90m debug[39m[90m [prometheus-push-client] [39m[90mPrometheus client sending body caliper_txn_failure 0 to target http://localhost:9091/metrics/job/caliper/instance/init1/round/0/client/1[39m
[90m2020.04.07-13:41:59.457 +0800[39m[90m debug[39m[90m [prometheus-push-client] [39m[90mPrometheus client sending body caliper_txn_pending 0 to target http://localhost:9091/metrics/job/caliper/instance/init1/round/0/client/1[39m
[90m2020.04.07-13:41:59.461 +0800[39m[90m debug[39m[90m [prometheus-push-client] [39m[90mPrometheus client sending body caliper_txn_success 0 to target http://localhost:9091/metrics/job/caliper/instance/init1/round/0/client/1[39m
[90m2020.04.07-13:41:59.462 +0800[39m[90m debug[39m[90m [prometheus-push-client] [39m[90mPrometheus client sending body caliper_txn_failure 0 to target http://localhost:9091/metrics/job/caliper/instance/init1/round/0/client/1[39m
[90m2020.04.07-13:41:59.462 +0800[39m[90m debug[39m[90m [prometheus-push-client] [39m[90mPrometheus client sending body caliper_txn_pending 0 to target http://localhost:9091/metrics/job/caliper/instance/init1/round/0/client/1[39m
[90m2020.04.07-13:41:59.473 +0800[39m[90m debug[39m[90m [prometheus-query-client] [39m[90mIssuing query: [39m[90m (?query=sum(caliper_txn_pending{instance="init1", round="0"})&time=1586238119.473)[39m
[32m2020.04.07-13:41:59.479 +0800[39m[32m info [39m[32m [prometheus-observer] [39m[32m[init1 Round 0 Transaction Info] - Submitted: --- Succ: - Fail:- Unfinished:-[39m
[90m2020.04.07-13:41:59.664 +0800[39m[90m debug[39m[90m [mqtt-worker-messenger] [39m[90mfabric worker published message: {"to":["orchestrator"],"from":"mqttjs_1701212f","timestamp":"2020-04-07T05:41:59.664Z","data":{"results":{"succ":50,"fail":0,"create":{"min":1586238114.452,"max":1586238119.351},"final":{"min":1586238114.943,"max":1586238119.427,"last":1586238119.427},"delay":{"min":0.076,"max":0.519,"sum":14.528,"detail":[]},"out":[],"sTPTotal":null,"sTTotal":null,"invokeTotal":null,"length":50},"start":1586238114450,"end":1586238119459,"type":"testResult"}}[39m
[90m2020.04.07-13:41:59.664 +0800[39m[90m debug[39m[90m [mqtt-worker-messenger] [39m[90mfabric worker published message: {"to":["orchestrator"],"from":"mqttjs_8a8f8d2c","timestamp":"2020-04-07T05:41:59.664Z","data":{"results":{"succ":50,"fail":0,"create":{"min":1586238114.45,"max":1586238119.351},"final":{"min":1586238114.943,"max":1586238119.427,"last":1586238119.427},"delay":{"min":0.076,"max":0.505,"sum":14.468999999999998,"detail":[]},"out":[],"sTPTotal":null,"sTTotal":null,"invokeTotal":null,"length":50},"start":1586238114449,"end":1586238119457,"type":"testResult"}}[39m
[32m2020.04.07-13:41:59.664 +0800[39m[32m info [39m[32m [message-handler] [39m[32mHandled "test" message for worker 0[39m
[32m2020.04.07-13:41:59.664 +0800[39m[32m info [39m[32m [message-handler] [39m[32mHandled "test" message for worker 1[39m
[90m2020.04.07-13:41:59.668 +0800[39m[90m debug[39m[90m [mqtt-master-messenger] [39m[90mProcessing message from 'worker/update' topic and message: {"to":["orchestrator"],"from":"mqttjs_8a8f8d2c","timestamp":"2020-04-07T05:41:59.664Z","data":{"results":{"succ":50,"fail":0,"create":{"min":1586238114.45,"max":1586238119.351},"final":{"min":1586238114.943,"max":1586238119.427,"last":1586238119.427},"delay":{"min":0.076,"max":0.505,"sum":14.468999999999998,"detail":[]},"out":[],"sTPTotal":null,"sTTotal":null,"invokeTotal":null,"length":50},"start":1586238114449,"end":1586238119457,"type":"testResult"}}[39m
[90m2020.04.07-13:41:59.669 +0800[39m[90m debug[39m[90m [worker-orchestrator] [39m[90mDealing with testResult message[39m
[90m2020.04.07-13:41:59.669 +0800[39m[90m debug[39m[90m [worker-orchestrator] [39m[90mHandling testResult message from mqttjs_8a8f8d2c with data {}[39m
[90m2020.04.07-13:41:59.670 +0800[39m[90m debug[39m[90m [mqtt-master-messenger] [39m[90mProcessing message from 'worker/update' topic and message: {"to":["orchestrator"],"from":"mqttjs_1701212f","timestamp":"2020-04-07T05:41:59.664Z","data":{"results":{"succ":50,"fail":0,"create":{"min":1586238114.452,"max":1586238119.351},"final":{"min":1586238114.943,"max":1586238119.427,"last":1586238119.427},"delay":{"min":0.076,"max":0.519,"sum":14.528,"detail":[]},"out":[],"sTPTotal":null,"sTTotal":null,"invokeTotal":null,"length":50},"start":1586238114450,"end":1586238119459,"type":"testResult"}}[39m
[90m2020.04.07-13:41:59.670 +0800[39m[90m debug[39m[90m [worker-orchestrator] [39m[90mDealing with testResult message[39m
[90m2020.04.07-13:41:59.670 +0800[39m[90m debug[39m[90m [worker-orchestrator] [39m[90mHandling testResult message from mqttjs_1701212f with data {}[39m
[90m2020.04.07-13:42:00.677 +0800[39m[90m debug[39m[90m [prometheus-query-client] [39m[90mIssuing query: [39m[90m (?query=sum(caliper_txn_success{instance="init1", round="0"})&time=1586238120.677)[39m
[90m2020.04.07-13:42:00.683 +0800[39m[90m debug[39m[90m [prometheus-query-client] [39m[90mIssuing query: [39m[90m (?query=sum(caliper_txn_failure{instance="init1", round="0"})&time=1586238120.683)[39m
[90m2020.04.07-13:42:00.688 +0800[39m[90m debug[39m[90m [prometheus-query-client] [39m[90mIssuing query: [39m[90m (?query=sum(caliper_txn_pending{instance="init1", round="0"})&time=1586238120.688)[39m
[32m2020.04.07-13:42:00.693 +0800[39m[32m info [39m[32m [prometheus-observer] [39m[32m[init1 Round 0 Transaction Info] - Submitted: --- Succ: - Fail:- Unfinished:-[39m
[90m2020.04.07-13:42:00.695 +0800[39m[90m debug[39m[90m [prometheus-query-client] [39m[90mIssuing query: [39m[90m (?query=sum(caliper_txn_success{instance="init1", round="0"})&time=1586238119.457)[39m
[90m2020.04.07-13:42:00.711 +0800[39m[90m debug[39m[90m [prometheus-query-client] [39m[90mIssuing query: [39m[90m (?query=sum(caliper_txn_failure{instance="init1", round="0"})&time=1586238119.457)[39m
[90m2020.04.07-13:42:00.721 +0800[39m[90m debug[39m[90m [prometheus-query-client] [39m[90mIssuing range query: [39m[90m (?query=max(caliper_latency{instance="init1", round="0"})&start=1586238114.45&end=1586238119.457&step=1)[39m
[90m2020.04.07-13:42:00.730 +0800[39m[90m debug[39m[90m [prometheus-query-client] [39m[90mIssuing range query: [39m[90m (?query=min(caliper_latency{instance="init1", round="0"})&start=1586238114.45&end=1586238119.457&step=1)[39m
[90m2020.04.07-13:42:00.738 +0800[39m[90m debug[39m[90m [prometheus-query-client] [39m[90mIssuing range query: [39m[90m (?query=avg(caliper_latency{instance="init1", round="0"})&start=1586238114.45&end=1586238119.457&step=1)[39m
[90m2020.04.07-13:42:00.751 +0800[39m[90m debug[39m[90m [prometheus-query-client] [39m[90mIssuing range query: [39m[90m (?query=sum(caliper_txn_submit_rate{instance="init1", round="0"})&start=1586238114.45&end=1586238119.457&step=1)[39m
[32m2020.04.07-13:42:00.756 +0800[39m[32m info [39m[32m [report-builder] [39m[32m### Test result ###[39m
[32m2020.04.07-13:42:00.772 +0800[39m[32m info [39m[32m [report-builder] [39m[32m[39m
[32m+-------+------+------+-----------------+-----------------+-----------------+-----------------+------------------+[39m
[32m| Name  | Succ | Fail | Send Rate (TPS) | Max Latency (s) | Min Latency (s) | Avg Latency (s) | Throughput (TPS) |[39m
[32m|-------|------|------|-----------------|-----------------|-----------------|-----------------|------------------|[39m
[32m| init1 | -    | -    | -               | -               | -               | -               | NaN              |[39m
[32m+-------+------+------+-----------------+-----------------+-----------------+-----------------+------------------+[39m
[32m[39m
[90m2020.04.07-13:42:00.774 +0800[39m[90m debug[39m[90m [prometheus-query-client] [39m[90mPerforming get with url encoded string: [39m[90m (query_range?query=rate(endorser_propsal_duration_sum%7Bchaincode%3D%22mycc%3Av1.0%22%7D%5B1m%5D)%2Frate(endorser_propsal_duration_count%7Bchaincode%3D%22mycc%3Av1.0%22%7D[1m])&start=1586238103.471&end=1586238120.774&step=1)[39m
[90m2020.04.07-13:42:00.786 +0800[39m[90m debug[39m[90m [prometheus-query-client] [39m[90mPerforming get with url encoded string: [39m[90m (query_range?query=sum(container_memory_rss%7Bname%3D~%22.%2B%22%7D) by (name)&start=1586238103.471&end=1586238120.774&step=10)[39m
[32m2020.04.07-13:42:00.793 +0800[39m[32m info [39m[32m [report-builder] [39m[32m### prometheus resource stats ###'[39m
[32m2020.04.07-13:42:00.796 +0800[39m[32m info [39m[32m [report-builder] [39m[32m[39m
[32m+-----------------+-------------------------------------------------+-------------------------------------+-------+[39m
[32m| Metric          | Prometheus Query                                | Name                                | Value |[39m
[32m|-----------------|-------------------------------------------------|-------------------------------------|-------|[39m
[32m| Max Memory (MB) | sum(container_memory_rss{name=~".+"}) by (name) | cli                                 | 0.627 |[39m
[32m|-----------------|-------------------------------------------------|-------------------------------------|-------|[39m
[32m|                 |                                                 | dev-peer0.org1.example.com-mycc-1.0 | 5.65  |[39m
[32m|-----------------|-------------------------------------------------|-------------------------------------|-------|[39m
[32m|                 |                                                 | dev-peer0.org2.example.com-mycc-1.0 | 9.40  |[39m
[32m|-----------------|-------------------------------------------------|-------------------------------------|-------|[39m
[32m|                 |                                                 | mosquitto                           | 0.233 |[39m
[32m|-----------------|-------------------------------------------------|-------------------------------------|-------|[39m
[32m|                 |                                                 | nodeexporter                        | 6.93  |[39m
[32m|-----------------|-------------------------------------------------|-------------------------------------|-------|[39m
[32m|                 |                                                 | orderer.example.com                 | 19.0  |[39m
[32m|-----------------|-------------------------------------------------|-------------------------------------|-------|[39m
[32m|                 |                                                 | peer0.org1.example.com              | 131   |[39m
[32m|-----------------|-------------------------------------------------|-------------------------------------|-------|[39m
[32m|                 |                                                 | peer0.org2.example.com              | 138   |[39m
[32m|-----------------|-------------------------------------------------|-------------------------------------|-------|[39m
[32m|                 |                                                 | peer1.org1.example.com              | 62.5  |[39m
[32m|-----------------|-------------------------------------------------|-------------------------------------|-------|[39m
[32m|                 |                                                 | peer1.org2.example.com              | 57.3  |[39m
[32m+-----------------+-------------------------------------------------+-------------------------------------+-------+[39m
[32m[39m
[90m2020.04.07-13:42:00.796 +0800[39m[90m debug[39m[90m [caliper-flow] [39m[90mresources count:[39m[90m (1)[39m
[32m2020.04.07-13:42:00.796 +0800[39m[32m info [39m[32m [round-orchestrator] [39m[32mFinished round 1 (init1) in 5.007 seconds[39m
[32m2020.04.07-13:42:00.796 +0800[39m[32m info [39m[32m [report-builder] [39m[32m### All test results ###[39m
[32m2020.04.07-13:42:00.797 +0800[39m[32m info [39m[32m [report-builder] [39m[32m[39m
[32m+-------+------+------+-----------------+-----------------+-----------------+-----------------+------------------+[39m
[32m| Name  | Succ | Fail | Send Rate (TPS) | Max Latency (s) | Min Latency (s) | Avg Latency (s) | Throughput (TPS) |[39m
[32m|-------|------|------|-----------------|-----------------|-----------------|-----------------|------------------|[39m
[32m| init1 | -    | -    | -               | -               | -               | -               | NaN              |[39m
[32m+-------+------+------+-----------------+-----------------+-----------------+-----------------+------------------+[39m
[32m[39m
[32m2020.04.07-13:42:00.813 +0800[39m[32m info [39m[32m [caliper-flow] [39m[32mGenerated report with path /opt/shurenwei/development/tools/caliper-test/report.html[39m
[90m2020.04.07-13:42:00.813 +0800[39m[90m debug[39m[90m [mqtt-master-messenger] [39m[90mPublished message: {"to":["all"],"from":"mqttjs_51b025de","timestamp":"2020-04-07T05:42:00.813Z","data":{"type":"exit"}}[39m
[32m2020.04.07-13:42:00.816 +0800[39m[32m info [39m[32m [message-handler] [39m[32mHandling "exit" message[39m
[32m2020.04.07-13:42:00.816 +0800[39m[32m info [39m[32m [message-handler] [39m[32mHandling "exit" message[39m
