false 'ssl-certs' '/home/username/tests/blockchain-explorer/ssl-certs'
postgres://hppoc:password@127.0.0.1:5432/fabricexplorer
******* Initialization started for hyperledger fabric platform ******, { 'first-network': 
   { name: 'first-network',
     profile: './connection-profile/first-network.json' } }
 client_configs.name  first-network  client_configs.profile  ./connection-profile/first-network.json
FabricUtils.createFabricClient 
config.client.tlsEnable  true
FabricConfig, this.config.channels  mychannel
An identity for the admin user: admin already exists in the wallet
initializeChannelFromDiscover  mychannel
 FabricClient.discover_results  endpoint  { host: 'orderer.example.com', port: 7050 }

initializeChannelFromDiscover.discoveryProtocol  grpcs  requesturl  grpcs://orderer.example.com:7050 

Channel genesis hash for channel [mychannel] >> 9b769dcc077591bf570d7c38e118e69e951cd07436040017275249dea381200b
FabricUtils.createDetachClient 


Please open web browser to access ：http://localhost:8080/


pid is 9159


postgres://hppoc:password@127.0.0.1:5432/fabricexplorer

Sync process is started for the network : [first-network] and client : [first-network]
config.client.tlsEnable  true
FabricConfig, this.config.channels  mychannel
(node:9181) DeprecationWarning: grpc.load: Use the @grpc/proto-loader module with grpc.loadPackageDefinition instead
An identity for the admin user: admin already exists in the wallet
initializeChannelFromDiscover  mychannel
 FabricClient.discover_results  endpoint  { host: 'orderer.example.com', port: 7050 }

initializeChannelFromDiscover.discoveryProtocol  grpcs  requesturl  grpcs://orderer.example.com:7050 

Channel genesis hash for channel [mychannel] >> 9b769dcc077591bf570d7c38e118e69e951cd07436040017275249dea381200b
SyncServices.synchNetworkConfigToDB client  first-network  channel_name  mychannel
initializeChannelFromDiscover  mychannel
 FabricClient.discover_results  endpoint  { host: 'orderer.example.com', port: 7050 }

initializeChannelFromDiscover.discoveryProtocol  grpcs  requesturl  grpcs://orderer.example.com:7050 

insertNewOrderers discoveryProtocol  grpcs  requesturl  grpcs://orderer.example.com:7050


Synchronizer pid is 9181


saveTransaction  false
block_row.blocknum  4
status  false
